Using pre-set license

 COMMAND LINE ARGUMENTS:
/Applications/Unity/Hub/Editor/2020.3.11f1/Unity.app/Contents/MacOS/Unity
-adb2
-batchMode
-noUpm
-name
AssetImportWorker0
-projectPath
/Users/Quentin/Documents/dev/playground_stressed_out
-logFile
Logs/AssetImportWorker0.log
-srvPort
57627
Successfully changed project path to: /Users/Quentin/Documents/dev/playground_stressed_out
/Users/Quentin/Documents/dev/playground_stressed_out
Using Asset Import Pipeline V2.
Refreshing native plugins compatible for Editor in 61.22 ms, found 3 plugins.
Preloading 0 native plugins for Editor in 0.00 ms.
Initialize engine version: 2020.3.11f1 (99c7afb366b3)
[Subsystems] Discovering subsystems at path /Applications/Unity/Hub/Editor/2020.3.11f1/Unity.app/Contents/Resources/UnitySubsystems
[Subsystems] Discovering subsystems at path /Users/Quentin/Documents/dev/playground_stressed_out/Assets
GfxDevice: creating device client; threaded=0
2021-07-19 09:31:06.324 Unity[29317:2830930] Color LCD preferred device: AMD Radeon R9 M370X (high power)
2021-07-19 09:31:06.324 Unity[29317:2830930] Metal devices available: 2
2021-07-19 09:31:06.324 Unity[29317:2830930] 0: AMD Radeon R9 M370X (high power)
2021-07-19 09:31:06.324 Unity[29317:2830930] 1: Intel Iris Pro Graphics (low power)
2021-07-19 09:31:06.325 Unity[29317:2830930] Using device AMD Radeon R9 M370X (high power)
Initializing Metal device caps: AMD Radeon R9 M370X
Initialize mono
Mono path[0] = '/Applications/Unity/Hub/Editor/2020.3.11f1/Unity.app/Contents/Managed'
Mono path[1] = '/Applications/Unity/Hub/Editor/2020.3.11f1/Unity.app/Contents/MonoBleedingEdge/lib/mono/unityjit'
Mono config path = '/Applications/Unity/Hub/Editor/2020.3.11f1/Unity.app/Contents/MonoBleedingEdge/etc'
Using monoOptions --debugger-agent=transport=dt_socket,embedding=1,server=y,suspend=n,address=127.0.0.1:56317
Begin MonoManager ReloadAssembly
Registering precompiled unity dll's ...
Register platform support module: /Applications/Unity/Hub/Editor/2020.3.11f1/PlaybackEngines/WebGLSupport/UnityEditor.WebGL.Extensions.dll
Register platform support module: /Applications/Unity/Hub/Editor/2020.3.11f1/Unity.app/Contents/PlaybackEngines/MacStandaloneSupport/UnityEditor.OSXStandalone.Extensions.dll
Registered in 0.000844 seconds.
Native extension for OSXStandalone target not found
Native extension for WebGL target not found
Refreshing native plugins compatible for Editor in 54.95 ms, found 3 plugins.
Preloading 0 native plugins for Editor in 0.00 ms.
Mono: successfully reloaded assembly
- Completed reload, in  1.913 seconds
Platform modules already initialized, skipping
Registering precompiled user dll's ...
Registered in 0.002265 seconds.
Begin MonoManager ReloadAssembly
Native extension for OSXStandalone target not found
Native extension for WebGL target not found
Refreshing native plugins compatible for Editor in 70.62 ms, found 3 plugins.
Preloading 0 native plugins for Editor in 0.00 ms.
Mono: successfully reloaded assembly
- Completed reload, in  1.898 seconds
Platform modules already initialized, skipping
========================================================================
Worker process is ready to serve import requests
Launching external process: /Applications/Unity/Hub/Editor/2020.3.11f1/Unity.app/Contents/Tools/UnityShaderCompiler
Launched and connected shader compiler UnityShaderCompiler after 0.02 seconds
Refreshing native plugins compatible for Editor in 0.83 ms, found 3 plugins.
Preloading 0 native plugins for Editor in 0.00 ms.
Unloading 2382 Unused Serialized files (Serialized files now loaded: 0)
System memory in use before: 182.7 MB.
System memory in use after: 182.8 MB.

Unloading 35 unused Assets to reduce memory usage. Loaded Objects now: 2819.
Total: 6.715682 ms (FindLiveObjects: 0.700286 ms CreateObjectMapping: 0.425572 ms MarkObjects: 5.351505 ms  DeleteObjects: 0.236626 ms)

========================================================================
Received Import Request.
  path: Assets/Quests/Generator.asset
  artifactKey: Guid(2deec9e2a066c47d482beeae565644e4) Importer(815301076,1909f56bfc062723c751e8b465ee728b)
Start importing Assets/Quests/Generator.asset using Guid(2deec9e2a066c47d482beeae565644e4) Importer(815301076,1909f56bfc062723c751e8b465ee728b)  -> (artifact id: '218930c83e25b7f7bf89224348b8e7b2') in 1.345330 seconds
  Import took 1.350986 seconds .

========================================================================
Received Prepare
Registering precompiled user dll's ...
Registered in 0.002302 seconds.
Begin MonoManager ReloadAssembly
Native extension for OSXStandalone target not found
Native extension for WebGL target not found
Refreshing native plugins compatible for Editor in 0.65 ms, found 3 plugins.
Preloading 0 native plugins for Editor in 0.00 ms.
Mono: successfully reloaded assembly
- Completed reload, in  1.598 seconds
Platform modules already initialized, skipping
Refreshing native plugins compatible for Editor in 0.56 ms, found 3 plugins.
Preloading 0 native plugins for Editor in 0.00 ms.
Unloading 2377 Unused Serialized files (Serialized files now loaded: 0)
System memory in use before: 187.6 MB.
System memory in use after: 187.6 MB.

Unloading 23 unused Assets to reduce memory usage. Loaded Objects now: 2823.
Total: 3.228751 ms (FindLiveObjects: 0.335513 ms CreateObjectMapping: 0.105290 ms MarkObjects: 2.549724 ms  DeleteObjects: 0.237245 ms)

========================================================================
Received Prepare
Registering precompiled user dll's ...
Registered in 0.002442 seconds.
Begin MonoManager ReloadAssembly
Native extension for OSXStandalone target not found
Native extension for WebGL target not found
Refreshing native plugins compatible for Editor in 0.61 ms, found 3 plugins.
Preloading 0 native plugins for Editor in 0.00 ms.
Mono: successfully reloaded assembly
- Completed reload, in  1.506 seconds
Platform modules already initialized, skipping
Refreshing native plugins compatible for Editor in 0.79 ms, found 3 plugins.
Preloading 0 native plugins for Editor in 0.00 ms.
Unloading 2377 Unused Serialized files (Serialized files now loaded: 0)
System memory in use before: 187.8 MB.
System memory in use after: 187.9 MB.

Unloading 21 unused Assets to reduce memory usage. Loaded Objects now: 2827.
Total: 3.704841 ms (FindLiveObjects: 0.334336 ms CreateObjectMapping: 0.220962 ms MarkObjects: 2.900431 ms  DeleteObjects: 0.247733 ms)

========================================================================
Received Prepare
Registering precompiled user dll's ...
Registered in 0.002340 seconds.
Begin MonoManager ReloadAssembly
Native extension for OSXStandalone target not found
Native extension for WebGL target not found
Refreshing native plugins compatible for Editor in 0.66 ms, found 3 plugins.
Preloading 0 native plugins for Editor in 0.00 ms.
Mono: successfully reloaded assembly
- Completed reload, in  1.497 seconds
Platform modules already initialized, skipping
Refreshing native plugins compatible for Editor in 0.71 ms, found 3 plugins.
Preloading 0 native plugins for Editor in 0.00 ms.
Unloading 2390 Unused Serialized files (Serialized files now loaded: 0)
System memory in use before: 190.1 MB.
System memory in use after: 189.5 MB.

Unloading 34 unused Assets to reduce memory usage. Loaded Objects now: 2831.
Total: 5.436397 ms (FindLiveObjects: 0.558808 ms CreateObjectMapping: 0.204640 ms MarkObjects: 4.045308 ms  DeleteObjects: 0.626090 ms)

========================================================================
Received Prepare
Registering precompiled user dll's ...
Registered in 0.002291 seconds.
Begin MonoManager ReloadAssembly
Native extension for OSXStandalone target not found
Native extension for WebGL target not found
Refreshing native plugins compatible for Editor in 0.71 ms, found 3 plugins.
Preloading 0 native plugins for Editor in 0.00 ms.
Mono: successfully reloaded assembly
- Completed reload, in  1.651 seconds
Platform modules already initialized, skipping
Refreshing native plugins compatible for Editor in 0.58 ms, found 3 plugins.
Preloading 0 native plugins for Editor in 0.00 ms.
Unloading 2390 Unused Serialized files (Serialized files now loaded: 0)
System memory in use before: 190.3 MB.
System memory in use after: 189.8 MB.

Unloading 34 unused Assets to reduce memory usage. Loaded Objects now: 2835.
Total: 4.708899 ms (FindLiveObjects: 0.302705 ms CreateObjectMapping: 0.109694 ms MarkObjects: 3.478604 ms  DeleteObjects: 0.815422 ms)

========================================================================
Received Import Request.
  Time since last request: 677.562406 seconds.
  path: Assets/Quests/MiniGame.prefab
  artifactKey: Guid(f004c638f65d340f99bf498ad90b4469) Importer(815301076,1909f56bfc062723c751e8b465ee728b)
Start importing Assets/Quests/MiniGame.prefab using Guid(f004c638f65d340f99bf498ad90b4469) Importer(815301076,1909f56bfc062723c751e8b465ee728b)  -> (artifact id: 'b2a37bc02b18e154c9deabda3d28abe9') in 0.501750 seconds
  Import took 0.507082 seconds .

========================================================================
Received Prepare
Registering precompiled user dll's ...
Registered in 0.002446 seconds.
Begin MonoManager ReloadAssembly
Native extension for OSXStandalone target not found
Native extension for WebGL target not found
Refreshing native plugins compatible for Editor in 0.53 ms, found 3 plugins.
Preloading 0 native plugins for Editor in 0.00 ms.
Mono: successfully reloaded assembly
- Completed reload, in  1.427 seconds
Platform modules already initialized, skipping
Refreshing native plugins compatible for Editor in 0.58 ms, found 3 plugins.
Preloading 0 native plugins for Editor in 0.00 ms.
Unloading 2390 Unused Serialized files (Serialized files now loaded: 0)
System memory in use before: 194.8 MB.
System memory in use after: 194.2 MB.

Unloading 35 unused Assets to reduce memory usage. Loaded Objects now: 2839.
Total: 3.450182 ms (FindLiveObjects: 0.230455 ms CreateObjectMapping: 0.107275 ms MarkObjects: 2.618021 ms  DeleteObjects: 0.493273 ms)

========================================================================
Received Prepare
Registering precompiled user dll's ...
Registered in 0.002291 seconds.
Begin MonoManager ReloadAssembly
Native extension for OSXStandalone target not found
Native extension for WebGL target not found
Refreshing native plugins compatible for Editor in 0.69 ms, found 3 plugins.
Preloading 0 native plugins for Editor in 0.00 ms.
Mono: successfully reloaded assembly
- Completed reload, in  1.632 seconds
Platform modules already initialized, skipping
Refreshing native plugins compatible for Editor in 0.58 ms, found 3 plugins.
Preloading 0 native plugins for Editor in 0.00 ms.
Unloading 2390 Unused Serialized files (Serialized files now loaded: 0)
System memory in use before: 195.1 MB.
System memory in use after: 194.5 MB.

Unloading 34 unused Assets to reduce memory usage. Loaded Objects now: 2843.
Total: 3.557116 ms (FindLiveObjects: 0.251517 ms CreateObjectMapping: 0.097780 ms MarkObjects: 2.533927 ms  DeleteObjects: 0.672922 ms)

========================================================================
Received Prepare
Registering precompiled user dll's ...
Registered in 0.002345 seconds.
Begin MonoManager ReloadAssembly
Native extension for OSXStandalone target not found
Native extension for WebGL target not found
Refreshing native plugins compatible for Editor in 0.54 ms, found 3 plugins.
Preloading 0 native plugins for Editor in 0.00 ms.
Mono: successfully reloaded assembly
- Completed reload, in  1.521 seconds
Platform modules already initialized, skipping
Refreshing native plugins compatible for Editor in 0.55 ms, found 3 plugins.
Preloading 0 native plugins for Editor in 0.00 ms.
Unloading 2390 Unused Serialized files (Serialized files now loaded: 0)
System memory in use before: 195.3 MB.
System memory in use after: 194.8 MB.

Unloading 34 unused Assets to reduce memory usage. Loaded Objects now: 2847.
Total: 4.056912 ms (FindLiveObjects: 0.360698 ms CreateObjectMapping: 0.248193 ms MarkObjects: 2.859324 ms  DeleteObjects: 0.587442 ms)

========================================================================
Received Prepare
Registering precompiled user dll's ...
Registered in 0.003184 seconds.
Begin MonoManager ReloadAssembly
Native extension for OSXStandalone target not found
Native extension for WebGL target not found
Refreshing native plugins compatible for Editor in 0.56 ms, found 3 plugins.
Preloading 0 native plugins for Editor in 0.00 ms.
Mono: successfully reloaded assembly
- Completed reload, in  1.559 seconds
Platform modules already initialized, skipping
Refreshing native plugins compatible for Editor in 0.55 ms, found 3 plugins.
Preloading 0 native plugins for Editor in 0.00 ms.
Unloading 2390 Unused Serialized files (Serialized files now loaded: 0)
System memory in use before: 195.5 MB.
System memory in use after: 195.0 MB.

Unloading 34 unused Assets to reduce memory usage. Loaded Objects now: 2851.
Total: 3.328002 ms (FindLiveObjects: 0.260685 ms CreateObjectMapping: 0.100027 ms MarkObjects: 2.472823 ms  DeleteObjects: 0.493505 ms)

========================================================================
Received Prepare
Registering precompiled user dll's ...
Registered in 0.002213 seconds.
Begin MonoManager ReloadAssembly
Native extension for OSXStandalone target not found
Native extension for WebGL target not found
Refreshing native plugins compatible for Editor in 0.62 ms, found 3 plugins.
Preloading 0 native plugins for Editor in 0.00 ms.
Mono: successfully reloaded assembly
- Completed reload, in  1.428 seconds
Platform modules already initialized, skipping
Refreshing native plugins compatible for Editor in 0.55 ms, found 3 plugins.
Preloading 0 native plugins for Editor in 0.00 ms.
Unloading 2390 Unused Serialized files (Serialized files now loaded: 0)
System memory in use before: 195.8 MB.
System memory in use after: 195.2 MB.

Unloading 34 unused Assets to reduce memory usage. Loaded Objects now: 2855.
Total: 3.244361 ms (FindLiveObjects: 0.257855 ms CreateObjectMapping: 0.098102 ms MarkObjects: 2.320207 ms  DeleteObjects: 0.566872 ms)

========================================================================
Received Import Request.
  Time since last request: 848.304460 seconds.
  path: Assets/Quests/MiniGame.prefab
  artifactKey: Guid(f004c638f65d340f99bf498ad90b4469) Importer(815301076,1909f56bfc062723c751e8b465ee728b)
Start importing Assets/Quests/MiniGame.prefab using Guid(f004c638f65d340f99bf498ad90b4469) Importer(815301076,1909f56bfc062723c751e8b465ee728b)  -> (artifact id: 'b6e175f35a1e5334041cd32acde55ced') in 0.101172 seconds
  Import took 0.106889 seconds .

========================================================================
Received Prepare
Registering precompiled user dll's ...
Registered in 0.002348 seconds.
Begin MonoManager ReloadAssembly
Native extension for OSXStandalone target not found
Native extension for WebGL target not found
Refreshing native plugins compatible for Editor in 0.57 ms, found 3 plugins.
Preloading 0 native plugins for Editor in 0.00 ms.
Mono: successfully reloaded assembly
- Completed reload, in  1.531 seconds
Platform modules already initialized, skipping
Refreshing native plugins compatible for Editor in 0.79 ms, found 3 plugins.
Preloading 0 native plugins for Editor in 0.00 ms.
Unloading 2390 Unused Serialized files (Serialized files now loaded: 0)
System memory in use before: 195.9 MB.
System memory in use after: 195.4 MB.

Unloading 35 unused Assets to reduce memory usage. Loaded Objects now: 2859.
Total: 4.537259 ms (FindLiveObjects: 0.443412 ms CreateObjectMapping: 0.272555 ms MarkObjects: 3.048927 ms  DeleteObjects: 0.770707 ms)

========================================================================
Received Import Request.
  Time since last request: 146.140340 seconds.
  path: Assets/Quests/Generator.cs
  artifactKey: Guid(b5af4f01e70d1429e864e0eed42b690f) Importer(815301076,1909f56bfc062723c751e8b465ee728b)
Start importing Assets/Quests/Generator.cs using Guid(b5af4f01e70d1429e864e0eed42b690f) Importer(815301076,1909f56bfc062723c751e8b465ee728b)  -> (artifact id: '63e1c9b19a82347de634403e2e7d0498') in 0.402336 seconds
  Import took 0.408205 seconds .

========================================================================
Received Prepare
Registering precompiled user dll's ...
Registered in 0.002388 seconds.
Begin MonoManager ReloadAssembly
Native extension for OSXStandalone target not found
Native extension for WebGL target not found
Refreshing native plugins compatible for Editor in 0.60 ms, found 3 plugins.
Preloading 0 native plugins for Editor in 0.00 ms.
Mono: successfully reloaded assembly
- Completed reload, in  1.515 seconds
Platform modules already initialized, skipping
Refreshing native plugins compatible for Editor in 0.56 ms, found 3 plugins.
Preloading 0 native plugins for Editor in 0.00 ms.
Unloading 2391 Unused Serialized files (Serialized files now loaded: 0)
System memory in use before: 200.5 MB.
System memory in use after: 199.9 MB.

Unloading 34 unused Assets to reduce memory usage. Loaded Objects now: 2864.
Total: 4.178138 ms (FindLiveObjects: 0.389453 ms CreateObjectMapping: 0.149234 ms MarkObjects: 3.083413 ms  DeleteObjects: 0.540782 ms)

========================================================================
Received Import Request.
  Time since last request: 19.488164 seconds.
  path: Assets/Quests/Script.cs
  artifactKey: Guid(d99512dc17f38476993687221e91fa08) Importer(815301076,1909f56bfc062723c751e8b465ee728b)
Start importing Assets/Quests/Script.cs using Guid(d99512dc17f38476993687221e91fa08) Importer(815301076,1909f56bfc062723c751e8b465ee728b)  -> (artifact id: 'c1efd3ff71ac57f9e507ae5db436d87b') in 0.007668 seconds
  Import took 0.012038 seconds .

========================================================================
Received Import Request.
  Time since last request: 0.001599 seconds.
  path: Assets/Quests/Script.cs
  artifactKey: Guid(d99512dc17f38476993687221e91fa08) Importer(815301076,1909f56bfc062723c751e8b465ee728b)
Start importing Assets/Quests/Script.cs using Guid(d99512dc17f38476993687221e91fa08) Importer(815301076,1909f56bfc062723c751e8b465ee728b)  -> (artifact id: 'c1efd3ff71ac57f9e507ae5db436d87b') in 0.005045 seconds
  Import took 0.008846 seconds .

========================================================================
Received Import Request.
  Time since last request: 45.603424 seconds.
  path: Assets/Quests/Generator Variant.prefab
  artifactKey: Guid(a1b161bc7f8374fa3a6057e7f0804c1b) Importer(815301076,1909f56bfc062723c751e8b465ee728b)
Start importing Assets/Quests/Generator Variant.prefab using Guid(a1b161bc7f8374fa3a6057e7f0804c1b) Importer(815301076,1909f56bfc062723c751e8b465ee728b)  -> (artifact id: '35b35df6fe2b31c4869e30a40af52d20') in 0.112680 seconds
  Import took 0.118203 seconds .

========================================================================
Received Prepare
Registering precompiled user dll's ...
Registered in 0.002814 seconds.
Begin MonoManager ReloadAssembly
Native extension for OSXStandalone target not found
Native extension for WebGL target not found
Refreshing native plugins compatible for Editor in 0.62 ms, found 3 plugins.
Preloading 0 native plugins for Editor in 0.00 ms.
Mono: successfully reloaded assembly
- Completed reload, in  1.511 seconds
Platform modules already initialized, skipping
Refreshing native plugins compatible for Editor in 0.58 ms, found 3 plugins.
Preloading 0 native plugins for Editor in 0.00 ms.
Unloading 2391 Unused Serialized files (Serialized files now loaded: 0)
System memory in use before: 200.8 MB.
System memory in use after: 200.2 MB.

Unloading 35 unused Assets to reduce memory usage. Loaded Objects now: 2868.
Total: 3.568596 ms (FindLiveObjects: 0.286094 ms CreateObjectMapping: 0.107285 ms MarkObjects: 2.647896 ms  DeleteObjects: 0.526234 ms)

========================================================================
Received Import Request.
  Time since last request: 50.199739 seconds.
  path: Assets/Quests/Generator Variant.prefab
  artifactKey: Guid(a1b161bc7f8374fa3a6057e7f0804c1b) Importer(815301076,1909f56bfc062723c751e8b465ee728b)
Start importing Assets/Quests/Generator Variant.prefab using Guid(a1b161bc7f8374fa3a6057e7f0804c1b) Importer(815301076,1909f56bfc062723c751e8b465ee728b)  -> (artifact id: 'dc86b43395782864bfbd803113b0b031') in 0.106504 seconds
  Import took 0.111119 seconds .

========================================================================
Received Prepare
Registering precompiled user dll's ...
Registered in 0.002338 seconds.
Begin MonoManager ReloadAssembly
Native extension for OSXStandalone target not found
Native extension for WebGL target not found
Refreshing native plugins compatible for Editor in 0.57 ms, found 3 plugins.
Preloading 0 native plugins for Editor in 0.00 ms.
Mono: successfully reloaded assembly
- Completed reload, in  1.481 seconds
Platform modules already initialized, skipping
Refreshing native plugins compatible for Editor in 0.53 ms, found 3 plugins.
Preloading 0 native plugins for Editor in 0.00 ms.
Unloading 2391 Unused Serialized files (Serialized files now loaded: 0)
System memory in use before: 201.0 MB.
System memory in use after: 200.5 MB.

Unloading 35 unused Assets to reduce memory usage. Loaded Objects now: 2872.
Total: 3.227383 ms (FindLiveObjects: 0.272699 ms CreateObjectMapping: 0.108387 ms MarkObjects: 2.356502 ms  DeleteObjects: 0.488903 ms)

========================================================================
Received Import Request.
  Time since last request: 138.533874 seconds.
  path: Assets/Quests/Generator Variant.prefab
  artifactKey: Guid(a1b161bc7f8374fa3a6057e7f0804c1b) Importer(815301076,1909f56bfc062723c751e8b465ee728b)
Start importing Assets/Quests/Generator Variant.prefab using Guid(a1b161bc7f8374fa3a6057e7f0804c1b) Importer(815301076,1909f56bfc062723c751e8b465ee728b)  -> (artifact id: '1c40970d76d817458f763228f0b93c50') in 0.099227 seconds
  Import took 0.103638 seconds .

========================================================================
Received Prepare
Registering precompiled user dll's ...
Registered in 0.002274 seconds.
Begin MonoManager ReloadAssembly
Native extension for OSXStandalone target not found
Native extension for WebGL target not found
Refreshing native plugins compatible for Editor in 0.56 ms, found 3 plugins.
Preloading 0 native plugins for Editor in 0.00 ms.
Mono: successfully reloaded assembly
- Completed reload, in  1.498 seconds
Platform modules already initialized, skipping
Refreshing native plugins compatible for Editor in 0.58 ms, found 3 plugins.
Preloading 0 native plugins for Editor in 0.00 ms.
Unloading 2391 Unused Serialized files (Serialized files now loaded: 0)
System memory in use before: 201.3 MB.
System memory in use after: 200.7 MB.

Unloading 35 unused Assets to reduce memory usage. Loaded Objects now: 2876.
Total: 3.429227 ms (FindLiveObjects: 0.335248 ms CreateObjectMapping: 0.099884 ms MarkObjects: 2.400243 ms  DeleteObjects: 0.592765 ms)

========================================================================
Received Import Request.
  Time since last request: 212.758179 seconds.
  path: Assets/Quests/Generator Variant.prefab
  artifactKey: Guid(a1b161bc7f8374fa3a6057e7f0804c1b) Importer(815301076,1909f56bfc062723c751e8b465ee728b)
Start importing Assets/Quests/Generator Variant.prefab using Guid(a1b161bc7f8374fa3a6057e7f0804c1b) Importer(815301076,1909f56bfc062723c751e8b465ee728b)  -> (artifact id: 'cbb622b3a2f9ef79c3985ff54a8def0b') in 0.111273 seconds
  Import took 0.117185 seconds .

========================================================================
Received Import Request.
  Time since last request: 22.601939 seconds.
  path: Assets/Quests/Interaction.cs
  artifactKey: Guid(e755d2cb1545448e5bf6c50899cad110) Importer(815301076,1909f56bfc062723c751e8b465ee728b)
Start importing Assets/Quests/Interaction.cs using Guid(e755d2cb1545448e5bf6c50899cad110) Importer(815301076,1909f56bfc062723c751e8b465ee728b)  -> (artifact id: '30a735774d98a1cbb6473ddb5c566319') in 0.003696 seconds
  Import took 0.007837 seconds .

========================================================================
Received Prepare
Registering precompiled user dll's ...
Registered in 0.002455 seconds.
Begin MonoManager ReloadAssembly
Native extension for OSXStandalone target not found
Native extension for WebGL target not found
Refreshing native plugins compatible for Editor in 0.54 ms, found 3 plugins.
Preloading 0 native plugins for Editor in 0.00 ms.
Mono: successfully reloaded assembly
- Completed reload, in  1.503 seconds
Platform modules already initialized, skipping
Refreshing native plugins compatible for Editor in 0.52 ms, found 3 plugins.
Preloading 0 native plugins for Editor in 0.00 ms.
Unloading 2391 Unused Serialized files (Serialized files now loaded: 0)
System memory in use before: 201.4 MB.
System memory in use after: 200.9 MB.

Unloading 35 unused Assets to reduce memory usage. Loaded Objects now: 2880.
Total: 3.201041 ms (FindLiveObjects: 0.259861 ms CreateObjectMapping: 0.098305 ms MarkObjects: 2.352143 ms  DeleteObjects: 0.489868 ms)

========================================================================
Received Prepare
Registering precompiled user dll's ...
Registered in 0.002157 seconds.
Begin MonoManager ReloadAssembly
Native extension for OSXStandalone target not found
Native extension for WebGL target not found
Refreshing native plugins compatible for Editor in 0.69 ms, found 3 plugins.
Preloading 0 native plugins for Editor in 0.00 ms.
Mono: successfully reloaded assembly
- Completed reload, in  1.538 seconds
Platform modules already initialized, skipping
Refreshing native plugins compatible for Editor in 0.61 ms, found 3 plugins.
Preloading 0 native plugins for Editor in 0.00 ms.
Unloading 2391 Unused Serialized files (Serialized files now loaded: 0)
System memory in use before: 201.7 MB.
System memory in use after: 201.2 MB.

Unloading 34 unused Assets to reduce memory usage. Loaded Objects now: 2884.
Total: 3.039983 ms (FindLiveObjects: 0.255587 ms CreateObjectMapping: 0.100796 ms MarkObjects: 2.210087 ms  DeleteObjects: 0.472660 ms)

========================================================================
Received Prepare
Registering precompiled user dll's ...
Registered in 0.002517 seconds.
Begin MonoManager ReloadAssembly
Native extension for OSXStandalone target not found
Native extension for WebGL target not found
Refreshing native plugins compatible for Editor in 0.64 ms, found 3 plugins.
Preloading 0 native plugins for Editor in 0.00 ms.
Mono: successfully reloaded assembly
- Completed reload, in  1.463 seconds
Platform modules already initialized, skipping
Refreshing native plugins compatible for Editor in 0.58 ms, found 3 plugins.
Preloading 0 native plugins for Editor in 0.00 ms.
Unloading 2391 Unused Serialized files (Serialized files now loaded: 0)
System memory in use before: 201.9 MB.
System memory in use after: 201.4 MB.

Unloading 34 unused Assets to reduce memory usage. Loaded Objects now: 2888.
Total: 4.393582 ms (FindLiveObjects: 0.402382 ms CreateObjectMapping: 0.248071 ms MarkObjects: 3.177885 ms  DeleteObjects: 0.564100 ms)

========================================================================
Received Prepare
Registering precompiled user dll's ...
Registered in 0.002490 seconds.
Begin MonoManager ReloadAssembly
Native extension for OSXStandalone target not found
Native extension for WebGL target not found
Refreshing native plugins compatible for Editor in 0.56 ms, found 3 plugins.
Preloading 0 native plugins for Editor in 0.00 ms.
Mono: successfully reloaded assembly
- Completed reload, in  1.506 seconds
Platform modules already initialized, skipping
Refreshing native plugins compatible for Editor in 0.55 ms, found 3 plugins.
Preloading 0 native plugins for Editor in 0.00 ms.
Unloading 2391 Unused Serialized files (Serialized files now loaded: 0)
System memory in use before: 202.2 MB.
System memory in use after: 201.6 MB.

Unloading 34 unused Assets to reduce memory usage. Loaded Objects now: 2892.
Total: 3.998839 ms (FindLiveObjects: 0.540930 ms CreateObjectMapping: 0.239482 ms MarkObjects: 2.702589 ms  DeleteObjects: 0.514580 ms)

========================================================================
Received Prepare
Registering precompiled user dll's ...
Registered in 0.002290 seconds.
Begin MonoManager ReloadAssembly
Native extension for OSXStandalone target not found
Native extension for WebGL target not found
Refreshing native plugins compatible for Editor in 0.55 ms, found 3 plugins.
Preloading 0 native plugins for Editor in 0.00 ms.
Mono: successfully reloaded assembly
- Completed reload, in  1.485 seconds
Platform modules already initialized, skipping
Refreshing native plugins compatible for Editor in 0.53 ms, found 3 plugins.
Preloading 0 native plugins for Editor in 0.00 ms.
Unloading 2391 Unused Serialized files (Serialized files now loaded: 0)
System memory in use before: 202.4 MB.
System memory in use after: 201.8 MB.

Unloading 34 unused Assets to reduce memory usage. Loaded Objects now: 2896.
Total: 3.115132 ms (FindLiveObjects: 0.284013 ms CreateObjectMapping: 0.100234 ms MarkObjects: 2.198669 ms  DeleteObjects: 0.531161 ms)

========================================================================
Received Prepare
Registering precompiled user dll's ...
Registered in 0.002361 seconds.
Begin MonoManager ReloadAssembly
Native extension for OSXStandalone target not found
Native extension for WebGL target not found
Refreshing native plugins compatible for Editor in 0.59 ms, found 3 plugins.
Preloading 0 native plugins for Editor in 0.00 ms.
Mono: successfully reloaded assembly
- Completed reload, in  1.515 seconds
Platform modules already initialized, skipping
Refreshing native plugins compatible for Editor in 0.67 ms, found 3 plugins.
Preloading 0 native plugins for Editor in 0.00 ms.
Unloading 2391 Unused Serialized files (Serialized files now loaded: 0)
System memory in use before: 202.6 MB.
System memory in use after: 202.0 MB.

Unloading 34 unused Assets to reduce memory usage. Loaded Objects now: 2900.
Total: 3.188069 ms (FindLiveObjects: 0.250893 ms CreateObjectMapping: 0.098318 ms MarkObjects: 2.356625 ms  DeleteObjects: 0.481127 ms)

========================================================================
Received Prepare
Registering precompiled user dll's ...
Registered in 0.002226 seconds.
Begin MonoManager ReloadAssembly
Native extension for OSXStandalone target not found
Native extension for WebGL target not found
Refreshing native plugins compatible for Editor in 0.55 ms, found 3 plugins.
Preloading 0 native plugins for Editor in 0.00 ms.
Mono: successfully reloaded assembly
- Completed reload, in  1.449 seconds
Platform modules already initialized, skipping
Refreshing native plugins compatible for Editor in 0.61 ms, found 3 plugins.
Preloading 0 native plugins for Editor in 0.00 ms.
Unloading 2391 Unused Serialized files (Serialized files now loaded: 0)
System memory in use before: 202.9 MB.
System memory in use after: 202.3 MB.

Unloading 34 unused Assets to reduce memory usage. Loaded Objects now: 2904.
Total: 3.162402 ms (FindLiveObjects: 0.263780 ms CreateObjectMapping: 0.097575 ms MarkObjects: 2.325643 ms  DeleteObjects: 0.474439 ms)

========================================================================
Received Prepare
Registering precompiled user dll's ...
Registered in 0.002372 seconds.
Begin MonoManager ReloadAssembly
Native extension for OSXStandalone target not found
Native extension for WebGL target not found
Refreshing native plugins compatible for Editor in 0.56 ms, found 3 plugins.
Preloading 0 native plugins for Editor in 0.00 ms.
Mono: successfully reloaded assembly
- Completed reload, in  1.570 seconds
Platform modules already initialized, skipping
Refreshing native plugins compatible for Editor in 0.88 ms, found 3 plugins.
Preloading 0 native plugins for Editor in 0.00 ms.
Unloading 2391 Unused Serialized files (Serialized files now loaded: 0)
System memory in use before: 203.1 MB.
System memory in use after: 202.6 MB.

Unloading 34 unused Assets to reduce memory usage. Loaded Objects now: 2908.
Total: 3.899991 ms (FindLiveObjects: 0.342807 ms CreateObjectMapping: 0.146326 ms MarkObjects: 2.765255 ms  DeleteObjects: 0.644442 ms)

========================================================================
Received Import Request.
  Time since last request: 1226.837354 seconds.
  path: Assets/Quests/Script.cs
  artifactKey: Guid(d99512dc17f38476993687221e91fa08) Importer(815301076,1909f56bfc062723c751e8b465ee728b)
Start importing Assets/Quests/Script.cs using Guid(d99512dc17f38476993687221e91fa08) Importer(815301076,1909f56bfc062723c751e8b465ee728b)  -> (artifact id: '42c963ea002fe8cb49cf72c1339332a6') in 0.008885 seconds
  Import took 0.013879 seconds .

========================================================================
Received Prepare
Registering precompiled user dll's ...
Registered in 0.002693 seconds.
Begin MonoManager ReloadAssembly
Native extension for OSXStandalone target not found
Native extension for WebGL target not found
Refreshing native plugins compatible for Editor in 0.55 ms, found 3 plugins.
Preloading 0 native plugins for Editor in 0.00 ms.
Mono: successfully reloaded assembly
- Completed reload, in  1.455 seconds
Platform modules already initialized, skipping
Refreshing native plugins compatible for Editor in 0.57 ms, found 3 plugins.
Preloading 0 native plugins for Editor in 0.00 ms.
Unloading 2391 Unused Serialized files (Serialized files now loaded: 0)
System memory in use before: 203.3 MB.
System memory in use after: 202.8 MB.

Unloading 34 unused Assets to reduce memory usage. Loaded Objects now: 2912.
Total: 3.165859 ms (FindLiveObjects: 0.270692 ms CreateObjectMapping: 0.095644 ms MarkObjects: 2.322281 ms  DeleteObjects: 0.476419 ms)

========================================================================
Received Prepare
Registering precompiled user dll's ...
Registered in 0.004592 seconds.
Begin MonoManager ReloadAssembly
Native extension for OSXStandalone target not found
Native extension for WebGL target not found
Refreshing native plugins compatible for Editor in 0.62 ms, found 3 plugins.
Preloading 0 native plugins for Editor in 0.00 ms.
Mono: successfully reloaded assembly
- Completed reload, in  1.562 seconds
Platform modules already initialized, skipping
Refreshing native plugins compatible for Editor in 0.58 ms, found 3 plugins.
Preloading 0 native plugins for Editor in 0.00 ms.
Unloading 2391 Unused Serialized files (Serialized files now loaded: 0)
System memory in use before: 203.6 MB.
System memory in use after: 203.1 MB.

Unloading 34 unused Assets to reduce memory usage. Loaded Objects now: 2916.
Total: 3.296513 ms (FindLiveObjects: 0.258304 ms CreateObjectMapping: 0.099867 ms MarkObjects: 2.433256 ms  DeleteObjects: 0.504234 ms)

========================================================================
Received Prepare
Registering precompiled user dll's ...
Registered in 0.002644 seconds.
Begin MonoManager ReloadAssembly
Native extension for OSXStandalone target not found
Native extension for WebGL target not found
Refreshing native plugins compatible for Editor in 0.59 ms, found 3 plugins.
Preloading 0 native plugins for Editor in 0.00 ms.
Mono: successfully reloaded assembly
- Completed reload, in  1.462 seconds
Platform modules already initialized, skipping
Refreshing native plugins compatible for Editor in 0.56 ms, found 3 plugins.
Preloading 0 native plugins for Editor in 0.00 ms.
Unloading 2391 Unused Serialized files (Serialized files now loaded: 0)
System memory in use before: 203.7 MB.
System memory in use after: 203.2 MB.

Unloading 34 unused Assets to reduce memory usage. Loaded Objects now: 2920.
Total: 4.114129 ms (FindLiveObjects: 0.379496 ms CreateObjectMapping: 0.159916 ms MarkObjects: 3.012288 ms  DeleteObjects: 0.561203 ms)

========================================================================
Received Import Request.
  Time since last request: 17481.846055 seconds.
  path: Assets/Quests/Generator Variant.prefab
  artifactKey: Guid(a1b161bc7f8374fa3a6057e7f0804c1b) Importer(815301076,1909f56bfc062723c751e8b465ee728b)
Start importing Assets/Quests/Generator Variant.prefab using Guid(a1b161bc7f8374fa3a6057e7f0804c1b) Importer(815301076,1909f56bfc062723c751e8b465ee728b)  -> (artifact id: '77235679920dda4ea1e3c492c2455818') in 0.121818 seconds
  Import took 0.127614 seconds .

========================================================================
Received Prepare
Registering precompiled user dll's ...
Registered in 0.002348 seconds.
Begin MonoManager ReloadAssembly
Native extension for OSXStandalone target not found
Native extension for WebGL target not found
Refreshing native plugins compatible for Editor in 0.57 ms, found 3 plugins.
Preloading 0 native plugins for Editor in 0.00 ms.
Mono: successfully reloaded assembly
- Completed reload, in  1.634 seconds
Platform modules already initialized, skipping
Refreshing native plugins compatible for Editor in 0.69 ms, found 3 plugins.
Preloading 0 native plugins for Editor in 0.00 ms.
Unloading 2391 Unused Serialized files (Serialized files now loaded: 0)
System memory in use before: 204.1 MB.
System memory in use after: 203.5 MB.

Unloading 36 unused Assets to reduce memory usage. Loaded Objects now: 2924.
Total: 3.928884 ms (FindLiveObjects: 0.247126 ms CreateObjectMapping: 0.103847 ms MarkObjects: 3.031235 ms  DeleteObjects: 0.545459 ms)

========================================================================
Received Prepare
Registering precompiled user dll's ...
Registered in 0.002315 seconds.
Begin MonoManager ReloadAssembly
Native extension for OSXStandalone target not found
Native extension for WebGL target not found
Refreshing native plugins compatible for Editor in 0.58 ms, found 3 plugins.
Preloading 0 native plugins for Editor in 0.00 ms.
Mono: successfully reloaded assembly
- Completed reload, in  1.613 seconds
Platform modules already initialized, skipping
Refreshing native plugins compatible for Editor in 0.57 ms, found 3 plugins.
Preloading 0 native plugins for Editor in 0.00 ms.
Unloading 2391 Unused Serialized files (Serialized files now loaded: 0)
System memory in use before: 204.3 MB.
System memory in use after: 203.7 MB.

Unloading 34 unused Assets to reduce memory usage. Loaded Objects now: 2928.
Total: 3.436782 ms (FindLiveObjects: 0.293293 ms CreateObjectMapping: 0.147734 ms MarkObjects: 2.460463 ms  DeleteObjects: 0.534113 ms)

========================================================================
Received Prepare
Registering precompiled user dll's ...
Registered in 0.002200 seconds.
Begin MonoManager ReloadAssembly
Native extension for OSXStandalone target not found
Native extension for WebGL target not found
Refreshing native plugins compatible for Editor in 0.56 ms, found 3 plugins.
Preloading 0 native plugins for Editor in 0.00 ms.
Mono: successfully reloaded assembly
- Completed reload, in  1.464 seconds
Platform modules already initialized, skipping
Refreshing native plugins compatible for Editor in 0.52 ms, found 3 plugins.
Preloading 0 native plugins for Editor in 0.00 ms.
Unloading 2391 Unused Serialized files (Serialized files now loaded: 0)
System memory in use before: 204.5 MB.
System memory in use after: 204.0 MB.

Unloading 34 unused Assets to reduce memory usage. Loaded Objects now: 2932.
Total: 3.776240 ms (FindLiveObjects: 0.365082 ms CreateObjectMapping: 0.229579 ms MarkObjects: 2.679769 ms  DeleteObjects: 0.500871 ms)

========================================================================
Received Prepare
Registering precompiled user dll's ...
Registered in 0.002201 seconds.
Begin MonoManager ReloadAssembly
Native extension for OSXStandalone target not found
Native extension for WebGL target not found
Refreshing native plugins compatible for Editor in 0.56 ms, found 3 plugins.
Preloading 0 native plugins for Editor in 0.00 ms.
Mono: successfully reloaded assembly
- Completed reload, in  1.435 seconds
Platform modules already initialized, skipping
Refreshing native plugins compatible for Editor in 0.52 ms, found 3 plugins.
Preloading 0 native plugins for Editor in 0.00 ms.
Unloading 2391 Unused Serialized files (Serialized files now loaded: 0)
System memory in use before: 204.8 MB.
System memory in use after: 204.2 MB.

Unloading 34 unused Assets to reduce memory usage. Loaded Objects now: 2936.
Total: 3.760848 ms (FindLiveObjects: 0.339668 ms CreateObjectMapping: 0.217661 ms MarkObjects: 2.719558 ms  DeleteObjects: 0.483038 ms)

========================================================================
Received Prepare
Registering precompiled user dll's ...
Registered in 0.002569 seconds.
Begin MonoManager ReloadAssembly
Native extension for OSXStandalone target not found
Native extension for WebGL target not found
Refreshing native plugins compatible for Editor in 0.60 ms, found 3 plugins.
Preloading 0 native plugins for Editor in 0.00 ms.
Mono: successfully reloaded assembly
- Completed reload, in  1.408 seconds
Platform modules already initialized, skipping
Refreshing native plugins compatible for Editor in 0.55 ms, found 3 plugins.
Preloading 0 native plugins for Editor in 0.00 ms.
Unloading 2391 Unused Serialized files (Serialized files now loaded: 0)
System memory in use before: 204.9 MB.
System memory in use after: 204.3 MB.

Unloading 34 unused Assets to reduce memory usage. Loaded Objects now: 2940.
Total: 3.352901 ms (FindLiveObjects: 0.340547 ms CreateObjectMapping: 0.097618 ms MarkObjects: 2.418939 ms  DeleteObjects: 0.494966 ms)

========================================================================
Received Prepare
Registering precompiled user dll's ...
Registered in 0.004335 seconds.
Begin MonoManager ReloadAssembly
Native extension for OSXStandalone target not found
Native extension for WebGL target not found
Refreshing native plugins compatible for Editor in 0.60 ms, found 3 plugins.
Preloading 0 native plugins for Editor in 0.00 ms.
Mono: successfully reloaded assembly
- Completed reload, in  1.433 seconds
Platform modules already initialized, skipping
Refreshing native plugins compatible for Editor in 0.60 ms, found 3 plugins.
Preloading 0 native plugins for Editor in 0.00 ms.
Unloading 2391 Unused Serialized files (Serialized files now loaded: 0)
System memory in use before: 205.2 MB.
System memory in use after: 204.6 MB.

Unloading 34 unused Assets to reduce memory usage. Loaded Objects now: 2944.
Total: 3.858398 ms (FindLiveObjects: 0.265072 ms CreateObjectMapping: 0.166163 ms MarkObjects: 2.915623 ms  DeleteObjects: 0.510458 ms)

========================================================================
Received Prepare
Registering precompiled user dll's ...
Registered in 0.003420 seconds.
Begin MonoManager ReloadAssembly
Native extension for OSXStandalone target not found
Native extension for WebGL target not found
Refreshing native plugins compatible for Editor in 0.56 ms, found 3 plugins.
Preloading 0 native plugins for Editor in 0.00 ms.
Mono: successfully reloaded assembly
- Completed reload, in  1.447 seconds
Platform modules already initialized, skipping
Refreshing native plugins compatible for Editor in 0.67 ms, found 3 plugins.
Preloading 0 native plugins for Editor in 0.00 ms.
Unloading 2391 Unused Serialized files (Serialized files now loaded: 0)
System memory in use before: 205.4 MB.
System memory in use after: 204.9 MB.

Unloading 34 unused Assets to reduce memory usage. Loaded Objects now: 2948.
Total: 4.194908 ms (FindLiveObjects: 0.387320 ms CreateObjectMapping: 0.244885 ms MarkObjects: 3.045560 ms  DeleteObjects: 0.516088 ms)

========================================================================
Received Import Request.
  Time since last request: 479.325131 seconds.
  path: Assets/Quests/Generator Variant.prefab
  artifactKey: Guid(a1b161bc7f8374fa3a6057e7f0804c1b) Importer(815301076,1909f56bfc062723c751e8b465ee728b)
Start importing Assets/Quests/Generator Variant.prefab using Guid(a1b161bc7f8374fa3a6057e7f0804c1b) Importer(815301076,1909f56bfc062723c751e8b465ee728b)  -> (artifact id: '63e4b7a3c7d28efcf9c93e76824a8813') in 0.110346 seconds
  Import took 0.116000 seconds .

========================================================================
Received Prepare
Registering precompiled user dll's ...
Registered in 0.002398 seconds.
Begin MonoManager ReloadAssembly
Native extension for OSXStandalone target not found
Native extension for WebGL target not found
Refreshing native plugins compatible for Editor in 0.73 ms, found 3 plugins.
Preloading 0 native plugins for Editor in 0.00 ms.
Mono: successfully reloaded assembly
- Completed reload, in  1.605 seconds
Platform modules already initialized, skipping
Refreshing native plugins compatible for Editor in 0.77 ms, found 3 plugins.
Preloading 0 native plugins for Editor in 0.00 ms.
Unloading 2391 Unused Serialized files (Serialized files now loaded: 0)
System memory in use before: 205.7 MB.
System memory in use after: 205.1 MB.

Unloading 35 unused Assets to reduce memory usage. Loaded Objects now: 2952.
Total: 4.183639 ms (FindLiveObjects: 0.374409 ms CreateObjectMapping: 0.216904 ms MarkObjects: 3.042530 ms  DeleteObjects: 0.548605 ms)

========================================================================
Received Prepare
Registering precompiled user dll's ...
Registered in 0.002278 seconds.
Begin MonoManager ReloadAssembly
Native extension for OSXStandalone target not found
Native extension for WebGL target not found
Refreshing native plugins compatible for Editor in 0.71 ms, found 3 plugins.
Preloading 0 native plugins for Editor in 0.00 ms.
Mono: successfully reloaded assembly
- Completed reload, in  1.615 seconds
Platform modules already initialized, skipping
Refreshing native plugins compatible for Editor in 0.68 ms, found 3 plugins.
Preloading 0 native plugins for Editor in 0.00 ms.
Unloading 2391 Unused Serialized files (Serialized files now loaded: 0)
System memory in use before: 205.9 MB.
System memory in use after: 205.3 MB.

Unloading 34 unused Assets to reduce memory usage. Loaded Objects now: 2956.
Total: 4.130915 ms (FindLiveObjects: 0.318412 ms CreateObjectMapping: 0.102148 ms MarkObjects: 3.205214 ms  DeleteObjects: 0.503947 ms)

========================================================================
Received Prepare
Registering precompiled user dll's ...
Registered in 0.002371 seconds.
Begin MonoManager ReloadAssembly
Native extension for OSXStandalone target not found
Native extension for WebGL target not found
Refreshing native plugins compatible for Editor in 0.67 ms, found 3 plugins.
Preloading 0 native plugins for Editor in 0.00 ms.
Mono: successfully reloaded assembly
- Completed reload, in  1.514 seconds
Platform modules already initialized, skipping
Refreshing native plugins compatible for Editor in 0.82 ms, found 3 plugins.
Preloading 0 native plugins for Editor in 0.00 ms.
Unloading 2391 Unused Serialized files (Serialized files now loaded: 0)
System memory in use before: 206.0 MB.
System memory in use after: 205.5 MB.

Unloading 34 unused Assets to reduce memory usage. Loaded Objects now: 2960.
Total: 4.303361 ms (FindLiveObjects: 0.360844 ms CreateObjectMapping: 0.303825 ms MarkObjects: 3.105509 ms  DeleteObjects: 0.532209 ms)

========================================================================
Received Prepare
Registering precompiled user dll's ...
Registered in 0.002206 seconds.
Begin MonoManager ReloadAssembly
Native extension for OSXStandalone target not found
Native extension for WebGL target not found
Refreshing native plugins compatible for Editor in 0.60 ms, found 3 plugins.
Preloading 0 native plugins for Editor in 0.00 ms.
Mono: successfully reloaded assembly
- Completed reload, in  1.646 seconds
Platform modules already initialized, skipping
Refreshing native plugins compatible for Editor in 0.57 ms, found 3 plugins.
Preloading 0 native plugins for Editor in 0.00 ms.
Unloading 2391 Unused Serialized files (Serialized files now loaded: 0)
System memory in use before: 206.3 MB.
System memory in use after: 205.8 MB.

Unloading 34 unused Assets to reduce memory usage. Loaded Objects now: 2964.
Total: 3.087470 ms (FindLiveObjects: 0.251625 ms CreateObjectMapping: 0.097248 ms MarkObjects: 2.258479 ms  DeleteObjects: 0.479316 ms)

========================================================================
Received Prepare
Registering precompiled user dll's ...
Registered in 0.002270 seconds.
Begin MonoManager ReloadAssembly
Native extension for OSXStandalone target not found
Native extension for WebGL target not found
Refreshing native plugins compatible for Editor in 0.55 ms, found 3 plugins.
Preloading 0 native plugins for Editor in 0.00 ms.
Mono: successfully reloaded assembly
- Completed reload, in  1.518 seconds
Platform modules already initialized, skipping
Refreshing native plugins compatible for Editor in 0.54 ms, found 3 plugins.
Preloading 0 native plugins for Editor in 0.00 ms.
Unloading 2391 Unused Serialized files (Serialized files now loaded: 0)
System memory in use before: 206.6 MB.
System memory in use after: 206.0 MB.

Unloading 34 unused Assets to reduce memory usage. Loaded Objects now: 2968.
Total: 4.162771 ms (FindLiveObjects: 0.377895 ms CreateObjectMapping: 0.241888 ms MarkObjects: 3.034080 ms  DeleteObjects: 0.508112 ms)

========================================================================
Received Prepare
Registering precompiled user dll's ...
Registered in 0.002869 seconds.
Begin MonoManager ReloadAssembly
Native extension for OSXStandalone target not found
Native extension for WebGL target not found
Refreshing native plugins compatible for Editor in 0.57 ms, found 3 plugins.
Preloading 0 native plugins for Editor in 0.00 ms.
Mono: successfully reloaded assembly
- Completed reload, in  1.512 seconds
Platform modules already initialized, skipping
Refreshing native plugins compatible for Editor in 0.64 ms, found 3 plugins.
Preloading 0 native plugins for Editor in 0.00 ms.
Unloading 2391 Unused Serialized files (Serialized files now loaded: 0)
System memory in use before: 206.8 MB.
System memory in use after: 206.2 MB.

Unloading 34 unused Assets to reduce memory usage. Loaded Objects now: 2972.
Total: 3.544458 ms (FindLiveObjects: 0.385510 ms CreateObjectMapping: 0.108417 ms MarkObjects: 2.553041 ms  DeleteObjects: 0.496489 ms)

========================================================================
Received Prepare
Registering precompiled user dll's ...
Registered in 0.002718 seconds.
Begin MonoManager ReloadAssembly
Native extension for OSXStandalone target not found
Native extension for WebGL target not found
Refreshing native plugins compatible for Editor in 0.62 ms, found 3 plugins.
Preloading 0 native plugins for Editor in 0.00 ms.
Mono: successfully reloaded assembly
- Completed reload, in  1.585 seconds
Platform modules already initialized, skipping
Refreshing native plugins compatible for Editor in 0.54 ms, found 3 plugins.
Preloading 0 native plugins for Editor in 0.00 ms.
Unloading 2391 Unused Serialized files (Serialized files now loaded: 0)
System memory in use before: 207.0 MB.
System memory in use after: 206.4 MB.

Unloading 34 unused Assets to reduce memory usage. Loaded Objects now: 2976.
Total: 3.762044 ms (FindLiveObjects: 0.350006 ms CreateObjectMapping: 0.221486 ms MarkObjects: 2.687360 ms  DeleteObjects: 0.501961 ms)

========================================================================
Received Prepare
Registering precompiled user dll's ...
Registered in 0.002652 seconds.
Begin MonoManager ReloadAssembly
Native extension for OSXStandalone target not found
Native extension for WebGL target not found
Refreshing native plugins compatible for Editor in 0.53 ms, found 3 plugins.
Preloading 0 native plugins for Editor in 0.00 ms.
Mono: successfully reloaded assembly
- Completed reload, in  1.437 seconds
Platform modules already initialized, skipping
Refreshing native plugins compatible for Editor in 0.57 ms, found 3 plugins.
Preloading 0 native plugins for Editor in 0.00 ms.
Unloading 2391 Unused Serialized files (Serialized files now loaded: 0)
System memory in use before: 207.1 MB.
System memory in use after: 206.6 MB.

Unloading 34 unused Assets to reduce memory usage. Loaded Objects now: 2980.
Total: 3.298206 ms (FindLiveObjects: 0.316079 ms CreateObjectMapping: 0.145833 ms MarkObjects: 2.355002 ms  DeleteObjects: 0.480312 ms)

========================================================================
Received Prepare
Registering precompiled user dll's ...
Registered in 0.002525 seconds.
Begin MonoManager ReloadAssembly
Native extension for OSXStandalone target not found
Native extension for WebGL target not found
Refreshing native plugins compatible for Editor in 0.76 ms, found 3 plugins.
Preloading 0 native plugins for Editor in 0.00 ms.
Mono: successfully reloaded assembly
- Completed reload, in  1.460 seconds
Platform modules already initialized, skipping
Refreshing native plugins compatible for Editor in 0.55 ms, found 3 plugins.
Preloading 0 native plugins for Editor in 0.00 ms.
Unloading 2391 Unused Serialized files (Serialized files now loaded: 0)
System memory in use before: 207.4 MB.
System memory in use after: 206.9 MB.

Unloading 34 unused Assets to reduce memory usage. Loaded Objects now: 2984.
Total: 4.021289 ms (FindLiveObjects: 0.354779 ms CreateObjectMapping: 0.228975 ms MarkObjects: 2.945261 ms  DeleteObjects: 0.491279 ms)

========================================================================
Received Prepare
Registering precompiled user dll's ...
Registered in 0.004046 seconds.
Begin MonoManager ReloadAssembly
Native extension for OSXStandalone target not found
Native extension for WebGL target not found
Refreshing native plugins compatible for Editor in 0.55 ms, found 3 plugins.
Preloading 0 native plugins for Editor in 0.00 ms.
Mono: successfully reloaded assembly
- Completed reload, in  1.590 seconds
Platform modules already initialized, skipping
Refreshing native plugins compatible for Editor in 0.66 ms, found 3 plugins.
Preloading 0 native plugins for Editor in 0.00 ms.
Unloading 2391 Unused Serialized files (Serialized files now loaded: 0)
System memory in use before: 207.7 MB.
System memory in use after: 207.1 MB.

Unloading 34 unused Assets to reduce memory usage. Loaded Objects now: 2988.
Total: 5.592516 ms (FindLiveObjects: 0.402370 ms CreateObjectMapping: 0.128589 ms MarkObjects: 4.493704 ms  DeleteObjects: 0.566601 ms)

========================================================================
Received Prepare
Registering precompiled user dll's ...
Registered in 0.002790 seconds.
Begin MonoManager ReloadAssembly
Native extension for OSXStandalone target not found
Native extension for WebGL target not found
Refreshing native plugins compatible for Editor in 0.58 ms, found 3 plugins.
Preloading 0 native plugins for Editor in 0.00 ms.
Mono: successfully reloaded assembly
- Completed reload, in  1.435 seconds
Platform modules already initialized, skipping
Refreshing native plugins compatible for Editor in 0.58 ms, found 3 plugins.
Preloading 0 native plugins for Editor in 0.00 ms.
Unloading 2391 Unused Serialized files (Serialized files now loaded: 0)
System memory in use before: 207.9 MB.
System memory in use after: 207.3 MB.

Unloading 34 unused Assets to reduce memory usage. Loaded Objects now: 2992.
Total: 4.088867 ms (FindLiveObjects: 0.401092 ms CreateObjectMapping: 0.237857 ms MarkObjects: 2.914974 ms  DeleteObjects: 0.533482 ms)

========================================================================
Received Prepare
Registering precompiled user dll's ...
Registered in 0.002278 seconds.
Begin MonoManager ReloadAssembly
Native extension for OSXStandalone target not found
Native extension for WebGL target not found
Refreshing native plugins compatible for Editor in 0.70 ms, found 3 plugins.
Preloading 0 native plugins for Editor in 0.00 ms.
Mono: successfully reloaded assembly
- Completed reload, in  1.432 seconds
Platform modules already initialized, skipping
Refreshing native plugins compatible for Editor in 0.53 ms, found 3 plugins.
Preloading 0 native plugins for Editor in 0.00 ms.
Unloading 2391 Unused Serialized files (Serialized files now loaded: 0)
System memory in use before: 208.1 MB.
System memory in use after: 207.5 MB.

Unloading 34 unused Assets to reduce memory usage. Loaded Objects now: 2996.
Total: 3.628608 ms (FindLiveObjects: 0.373823 ms CreateObjectMapping: 0.110071 ms MarkObjects: 2.629750 ms  DeleteObjects: 0.513917 ms)

========================================================================
Received Prepare
Registering precompiled user dll's ...
Registered in 0.002307 seconds.
Begin MonoManager ReloadAssembly
Native extension for OSXStandalone target not found
Native extension for WebGL target not found
Refreshing native plugins compatible for Editor in 0.60 ms, found 3 plugins.
Preloading 0 native plugins for Editor in 0.00 ms.
Mono: successfully reloaded assembly
- Completed reload, in  1.485 seconds
Platform modules already initialized, skipping
Refreshing native plugins compatible for Editor in 0.60 ms, found 3 plugins.
Preloading 0 native plugins for Editor in 0.00 ms.
Unloading 2391 Unused Serialized files (Serialized files now loaded: 0)
System memory in use before: 208.2 MB.
System memory in use after: 207.7 MB.

Unloading 34 unused Assets to reduce memory usage. Loaded Objects now: 3000.
Total: 3.985794 ms (FindLiveObjects: 0.329821 ms CreateObjectMapping: 0.152191 ms MarkObjects: 2.977542 ms  DeleteObjects: 0.525050 ms)

========================================================================
Received Prepare
Registering precompiled user dll's ...
Registered in 0.003713 seconds.
Begin MonoManager ReloadAssembly
Native extension for OSXStandalone target not found
Native extension for WebGL target not found
Refreshing native plugins compatible for Editor in 0.60 ms, found 3 plugins.
Preloading 0 native plugins for Editor in 0.00 ms.
Mono: successfully reloaded assembly
- Completed reload, in  1.399 seconds
Platform modules already initialized, skipping
Refreshing native plugins compatible for Editor in 0.59 ms, found 3 plugins.
Preloading 0 native plugins for Editor in 0.00 ms.
Unloading 2391 Unused Serialized files (Serialized files now loaded: 0)
System memory in use before: 208.5 MB.
System memory in use after: 208.0 MB.

Unloading 34 unused Assets to reduce memory usage. Loaded Objects now: 3004.
Total: 3.533791 ms (FindLiveObjects: 0.332419 ms CreateObjectMapping: 0.159097 ms MarkObjects: 2.539496 ms  DeleteObjects: 0.501654 ms)

========================================================================
Received Prepare
Registering precompiled user dll's ...
Registered in 0.002315 seconds.
Begin MonoManager ReloadAssembly
Native extension for OSXStandalone target not found
Native extension for WebGL target not found
Refreshing native plugins compatible for Editor in 0.60 ms, found 3 plugins.
Preloading 0 native plugins for Editor in 0.00 ms.
Mono: successfully reloaded assembly
- Completed reload, in  1.461 seconds
Platform modules already initialized, skipping
Refreshing native plugins compatible for Editor in 0.56 ms, found 3 plugins.
Preloading 0 native plugins for Editor in 0.00 ms.
Unloading 2391 Unused Serialized files (Serialized files now loaded: 0)
System memory in use before: 208.8 MB.
System memory in use after: 208.2 MB.

Unloading 34 unused Assets to reduce memory usage. Loaded Objects now: 3008.
Total: 3.670781 ms (FindLiveObjects: 0.389862 ms CreateObjectMapping: 0.111373 ms MarkObjects: 2.657183 ms  DeleteObjects: 0.511359 ms)

========================================================================
Received Prepare
Registering precompiled user dll's ...
Registered in 0.002267 seconds.
Begin MonoManager ReloadAssembly
Native extension for OSXStandalone target not found
Native extension for WebGL target not found
Refreshing native plugins compatible for Editor in 0.57 ms, found 3 plugins.
Preloading 0 native plugins for Editor in 0.00 ms.
Mono: successfully reloaded assembly
- Completed reload, in  1.518 seconds
Platform modules already initialized, skipping
Refreshing native plugins compatible for Editor in 0.54 ms, found 3 plugins.
Preloading 0 native plugins for Editor in 0.00 ms.
Unloading 2391 Unused Serialized files (Serialized files now loaded: 0)
System memory in use before: 209.0 MB.
System memory in use after: 208.4 MB.

Unloading 34 unused Assets to reduce memory usage. Loaded Objects now: 3012.
Total: 3.349377 ms (FindLiveObjects: 0.382519 ms CreateObjectMapping: 0.098263 ms MarkObjects: 2.387580 ms  DeleteObjects: 0.480111 ms)

========================================================================
Received Prepare
Registering precompiled user dll's ...
Registered in 0.002342 seconds.
Begin MonoManager ReloadAssembly
Native extension for OSXStandalone target not found
Native extension for WebGL target not found
Refreshing native plugins compatible for Editor in 0.62 ms, found 3 plugins.
Preloading 0 native plugins for Editor in 0.00 ms.
Mono: successfully reloaded assembly
- Completed reload, in  1.674 seconds
Platform modules already initialized, skipping
Refreshing native plugins compatible for Editor in 0.71 ms, found 3 plugins.
Preloading 0 native plugins for Editor in 0.00 ms.
Unloading 2391 Unused Serialized files (Serialized files now loaded: 0)
System memory in use before: 209.2 MB.
System memory in use after: 208.6 MB.

Unloading 34 unused Assets to reduce memory usage. Loaded Objects now: 3016.
Total: 3.832908 ms (FindLiveObjects: 0.267033 ms CreateObjectMapping: 0.105723 ms MarkObjects: 2.931621 ms  DeleteObjects: 0.527348 ms)

========================================================================
Received Prepare
Registering precompiled user dll's ...
Registered in 0.002190 seconds.
Begin MonoManager ReloadAssembly
Native extension for OSXStandalone target not found
Native extension for WebGL target not found
Refreshing native plugins compatible for Editor in 0.58 ms, found 3 plugins.
Preloading 0 native plugins for Editor in 0.00 ms.
Mono: successfully reloaded assembly
- Completed reload, in  1.411 seconds
Platform modules already initialized, skipping
Refreshing native plugins compatible for Editor in 0.61 ms, found 3 plugins.
Preloading 0 native plugins for Editor in 0.00 ms.
Unloading 2391 Unused Serialized files (Serialized files now loaded: 0)
System memory in use before: 209.3 MB.
System memory in use after: 208.7 MB.

Unloading 34 unused Assets to reduce memory usage. Loaded Objects now: 3020.
Total: 4.290899 ms (FindLiveObjects: 0.396576 ms CreateObjectMapping: 0.233860 ms MarkObjects: 3.103412 ms  DeleteObjects: 0.556045 ms)

========================================================================
Received Prepare
Registering precompiled user dll's ...
Registered in 0.002281 seconds.
Begin MonoManager ReloadAssembly
Native extension for OSXStandalone target not found
Native extension for WebGL target not found
Refreshing native plugins compatible for Editor in 0.54 ms, found 3 plugins.
Preloading 0 native plugins for Editor in 0.00 ms.
Mono: successfully reloaded assembly
- Completed reload, in  1.424 seconds
Platform modules already initialized, skipping
Refreshing native plugins compatible for Editor in 0.62 ms, found 3 plugins.
Preloading 0 native plugins for Editor in 0.00 ms.
Unloading 2391 Unused Serialized files (Serialized files now loaded: 0)
System memory in use before: 209.6 MB.
System memory in use after: 209.1 MB.

Unloading 34 unused Assets to reduce memory usage. Loaded Objects now: 3024.
Total: 3.154109 ms (FindLiveObjects: 0.290291 ms CreateObjectMapping: 0.097751 ms MarkObjects: 2.295000 ms  DeleteObjects: 0.470210 ms)

========================================================================
Received Prepare
Registering precompiled user dll's ...
Registered in 0.003670 seconds.
Begin MonoManager ReloadAssembly
Native extension for OSXStandalone target not found
Native extension for WebGL target not found
Refreshing native plugins compatible for Editor in 0.58 ms, found 3 plugins.
Preloading 0 native plugins for Editor in 0.00 ms.
Mono: successfully reloaded assembly
- Completed reload, in  1.514 seconds
Platform modules already initialized, skipping
Refreshing native plugins compatible for Editor in 0.52 ms, found 3 plugins.
Preloading 0 native plugins for Editor in 0.00 ms.
Unloading 2391 Unused Serialized files (Serialized files now loaded: 0)
System memory in use before: 209.8 MB.
System memory in use after: 209.3 MB.

Unloading 34 unused Assets to reduce memory usage. Loaded Objects now: 3028.
Total: 3.379284 ms (FindLiveObjects: 0.358472 ms CreateObjectMapping: 0.098322 ms MarkObjects: 2.430542 ms  DeleteObjects: 0.491207 ms)

========================================================================
Received Prepare
Registering precompiled user dll's ...
Registered in 0.002207 seconds.
Begin MonoManager ReloadAssembly
Native extension for OSXStandalone target not found
Native extension for WebGL target not found
Refreshing native plugins compatible for Editor in 0.58 ms, found 3 plugins.
Preloading 0 native plugins for Editor in 0.00 ms.
Mono: successfully reloaded assembly
- Completed reload, in  1.429 seconds
Platform modules already initialized, skipping
Refreshing native plugins compatible for Editor in 0.53 ms, found 3 plugins.
Preloading 0 native plugins for Editor in 0.00 ms.
Unloading 2391 Unused Serialized files (Serialized files now loaded: 0)
System memory in use before: 210.1 MB.
System memory in use after: 209.5 MB.

Unloading 34 unused Assets to reduce memory usage. Loaded Objects now: 3032.
Total: 3.397621 ms (FindLiveObjects: 0.279691 ms CreateObjectMapping: 0.100749 ms MarkObjects: 2.526721 ms  DeleteObjects: 0.489450 ms)

========================================================================
Received Prepare
Registering precompiled user dll's ...
Registered in 0.003097 seconds.
Begin MonoManager ReloadAssembly
Native extension for OSXStandalone target not found
Native extension for WebGL target not found
Refreshing native plugins compatible for Editor in 0.53 ms, found 3 plugins.
Preloading 0 native plugins for Editor in 0.00 ms.
Mono: successfully reloaded assembly
- Completed reload, in  1.411 seconds
Platform modules already initialized, skipping
Refreshing native plugins compatible for Editor in 0.58 ms, found 3 plugins.
Preloading 0 native plugins for Editor in 0.00 ms.
Unloading 2391 Unused Serialized files (Serialized files now loaded: 0)
System memory in use before: 210.3 MB.
System memory in use after: 209.7 MB.

Unloading 34 unused Assets to reduce memory usage. Loaded Objects now: 3036.
Total: 3.573950 ms (FindLiveObjects: 0.380369 ms CreateObjectMapping: 0.104346 ms MarkObjects: 2.593466 ms  DeleteObjects: 0.495044 ms)

========================================================================
Received Prepare
Registering precompiled user dll's ...
Registered in 0.002965 seconds.
Begin MonoManager ReloadAssembly
Native extension for OSXStandalone target not found
Native extension for WebGL target not found
Refreshing native plugins compatible for Editor in 0.60 ms, found 3 plugins.
Preloading 0 native plugins for Editor in 0.00 ms.
Mono: successfully reloaded assembly
- Completed reload, in  1.409 seconds
Platform modules already initialized, skipping
Refreshing native plugins compatible for Editor in 0.53 ms, found 3 plugins.
Preloading 0 native plugins for Editor in 0.00 ms.
Unloading 2391 Unused Serialized files (Serialized files now loaded: 0)
System memory in use before: 210.4 MB.
System memory in use after: 209.8 MB.

Unloading 34 unused Assets to reduce memory usage. Loaded Objects now: 3040.
Total: 3.263236 ms (FindLiveObjects: 0.292533 ms CreateObjectMapping: 0.103573 ms MarkObjects: 2.379389 ms  DeleteObjects: 0.486565 ms)

========================================================================
Received Prepare
Registering precompiled user dll's ...
Registered in 0.002234 seconds.
Begin MonoManager ReloadAssembly
Native extension for OSXStandalone target not found
Native extension for WebGL target not found
Refreshing native plugins compatible for Editor in 0.55 ms, found 3 plugins.
Preloading 0 native plugins for Editor in 0.00 ms.
Mono: successfully reloaded assembly
- Completed reload, in  1.546 seconds
Platform modules already initialized, skipping
Refreshing native plugins compatible for Editor in 0.55 ms, found 3 plugins.
Preloading 0 native plugins for Editor in 0.00 ms.
Unloading 2391 Unused Serialized files (Serialized files now loaded: 0)
System memory in use before: 210.7 MB.
System memory in use after: 210.2 MB.

Unloading 34 unused Assets to reduce memory usage. Loaded Objects now: 3044.
Total: 4.102792 ms (FindLiveObjects: 0.413061 ms CreateObjectMapping: 0.232706 ms MarkObjects: 2.955134 ms  DeleteObjects: 0.499385 ms)

========================================================================
Received Prepare
Registering precompiled user dll's ...
Registered in 0.002988 seconds.
Begin MonoManager ReloadAssembly
Native extension for OSXStandalone target not found
Native extension for WebGL target not found
Refreshing native plugins compatible for Editor in 0.58 ms, found 3 plugins.
Preloading 0 native plugins for Editor in 0.00 ms.
Mono: successfully reloaded assembly
- Completed reload, in  1.428 seconds
Platform modules already initialized, skipping
Refreshing native plugins compatible for Editor in 0.54 ms, found 3 plugins.
Preloading 0 native plugins for Editor in 0.00 ms.
Unloading 2391 Unused Serialized files (Serialized files now loaded: 0)
System memory in use before: 210.9 MB.
System memory in use after: 210.4 MB.

Unloading 34 unused Assets to reduce memory usage. Loaded Objects now: 3048.
Total: 3.575640 ms (FindLiveObjects: 0.345581 ms CreateObjectMapping: 0.098383 ms MarkObjects: 2.624644 ms  DeleteObjects: 0.506171 ms)

========================================================================
Received Prepare
Registering precompiled user dll's ...
Registered in 0.002328 seconds.
Begin MonoManager ReloadAssembly
Native extension for OSXStandalone target not found
Native extension for WebGL target not found
Refreshing native plugins compatible for Editor in 0.59 ms, found 3 plugins.
Preloading 0 native plugins for Editor in 0.00 ms.
Mono: successfully reloaded assembly
- Completed reload, in  1.475 seconds
Platform modules already initialized, skipping
Refreshing native plugins compatible for Editor in 0.56 ms, found 3 plugins.
Preloading 0 native plugins for Editor in 0.00 ms.
Unloading 2391 Unused Serialized files (Serialized files now loaded: 0)
System memory in use before: 211.2 MB.
System memory in use after: 210.6 MB.

Unloading 34 unused Assets to reduce memory usage. Loaded Objects now: 3052.
Total: 3.395563 ms (FindLiveObjects: 0.275086 ms CreateObjectMapping: 0.108004 ms MarkObjects: 2.507968 ms  DeleteObjects: 0.503254 ms)

========================================================================
Received Prepare
Registering precompiled user dll's ...
Registered in 0.002352 seconds.
Begin MonoManager ReloadAssembly
Native extension for OSXStandalone target not found
Native extension for WebGL target not found
Refreshing native plugins compatible for Editor in 0.56 ms, found 3 plugins.
Preloading 0 native plugins for Editor in 0.00 ms.
Mono: successfully reloaded assembly
- Completed reload, in  1.415 seconds
Platform modules already initialized, skipping
Refreshing native plugins compatible for Editor in 0.58 ms, found 3 plugins.
Preloading 0 native plugins for Editor in 0.00 ms.
Unloading 2391 Unused Serialized files (Serialized files now loaded: 0)
System memory in use before: 211.4 MB.
System memory in use after: 210.8 MB.

Unloading 34 unused Assets to reduce memory usage. Loaded Objects now: 3056.
Total: 3.241636 ms (FindLiveObjects: 0.301694 ms CreateObjectMapping: 0.115152 ms MarkObjects: 2.307405 ms  DeleteObjects: 0.516434 ms)

========================================================================
Received Prepare
Registering precompiled user dll's ...
Registered in 0.002874 seconds.
Begin MonoManager ReloadAssembly
Native extension for OSXStandalone target not found
Native extension for WebGL target not found
Refreshing native plugins compatible for Editor in 1.22 ms, found 3 plugins.
Preloading 0 native plugins for Editor in 0.00 ms.
Mono: successfully reloaded assembly
- Completed reload, in  1.645 seconds
Platform modules already initialized, skipping
Refreshing native plugins compatible for Editor in 0.59 ms, found 3 plugins.
Preloading 0 native plugins for Editor in 0.00 ms.
Unloading 2391 Unused Serialized files (Serialized files now loaded: 0)
System memory in use before: 211.5 MB.
System memory in use after: 211.0 MB.

Unloading 34 unused Assets to reduce memory usage. Loaded Objects now: 3060.
Total: 4.213157 ms (FindLiveObjects: 0.577387 ms CreateObjectMapping: 0.133556 ms MarkObjects: 2.861268 ms  DeleteObjects: 0.639569 ms)

========================================================================
Received Prepare
Registering precompiled user dll's ...
Registered in 0.002248 seconds.
Begin MonoManager ReloadAssembly
Native extension for OSXStandalone target not found
Native extension for WebGL target not found
Refreshing native plugins compatible for Editor in 0.56 ms, found 3 plugins.
Preloading 0 native plugins for Editor in 0.00 ms.
Mono: successfully reloaded assembly
- Completed reload, in  1.401 seconds
Platform modules already initialized, skipping
Refreshing native plugins compatible for Editor in 0.54 ms, found 3 plugins.
Preloading 0 native plugins for Editor in 0.00 ms.
Unloading 2391 Unused Serialized files (Serialized files now loaded: 0)
System memory in use before: 211.8 MB.
System memory in use after: 211.3 MB.

Unloading 34 unused Assets to reduce memory usage. Loaded Objects now: 3064.
Total: 3.965777 ms (FindLiveObjects: 0.361715 ms CreateObjectMapping: 0.225388 ms MarkObjects: 2.852311 ms  DeleteObjects: 0.525751 ms)

========================================================================
Received Prepare
Registering precompiled user dll's ...
Registered in 0.002453 seconds.
Begin MonoManager ReloadAssembly
Native extension for OSXStandalone target not found
Native extension for WebGL target not found
Refreshing native plugins compatible for Editor in 0.58 ms, found 3 plugins.
Preloading 0 native plugins for Editor in 0.00 ms.
Mono: successfully reloaded assembly
- Completed reload, in  1.619 seconds
Platform modules already initialized, skipping
Refreshing native plugins compatible for Editor in 0.64 ms, found 3 plugins.
Preloading 0 native plugins for Editor in 0.00 ms.
Unloading 2391 Unused Serialized files (Serialized files now loaded: 0)
System memory in use before: 212.0 MB.
System memory in use after: 211.5 MB.

Unloading 34 unused Assets to reduce memory usage. Loaded Objects now: 3068.
Total: 3.911226 ms (FindLiveObjects: 0.284066 ms CreateObjectMapping: 0.103579 ms MarkObjects: 2.857400 ms  DeleteObjects: 0.664907 ms)

========================================================================
Received Prepare
Registering precompiled user dll's ...
Registered in 0.002250 seconds.
Begin MonoManager ReloadAssembly
Native extension for OSXStandalone target not found
Native extension for WebGL target not found
Refreshing native plugins compatible for Editor in 0.58 ms, found 3 plugins.
Preloading 0 native plugins for Editor in 0.00 ms.
Mono: successfully reloaded assembly
- Completed reload, in  1.432 seconds
Platform modules already initialized, skipping
Refreshing native plugins compatible for Editor in 0.57 ms, found 3 plugins.
Preloading 0 native plugins for Editor in 0.00 ms.
Unloading 2391 Unused Serialized files (Serialized files now loaded: 0)
System memory in use before: 212.2 MB.
System memory in use after: 211.7 MB.

Unloading 34 unused Assets to reduce memory usage. Loaded Objects now: 3072.
Total: 3.827637 ms (FindLiveObjects: 0.355732 ms CreateObjectMapping: 0.218545 ms MarkObjects: 2.716361 ms  DeleteObjects: 0.536327 ms)

========================================================================
Received Prepare
Registering precompiled user dll's ...
Registered in 0.002235 seconds.
Begin MonoManager ReloadAssembly
Native extension for OSXStandalone target not found
Native extension for WebGL target not found
Refreshing native plugins compatible for Editor in 0.66 ms, found 3 plugins.
Preloading 0 native plugins for Editor in 0.00 ms.
Mono: successfully reloaded assembly
- Completed reload, in  1.430 seconds
Platform modules already initialized, skipping
Refreshing native plugins compatible for Editor in 0.53 ms, found 3 plugins.
Preloading 0 native plugins for Editor in 0.00 ms.
Unloading 2391 Unused Serialized files (Serialized files now loaded: 0)
System memory in use before: 212.5 MB.
System memory in use after: 211.9 MB.

Unloading 34 unused Assets to reduce memory usage. Loaded Objects now: 3076.
Total: 4.044853 ms (FindLiveObjects: 0.388954 ms CreateObjectMapping: 0.220012 ms MarkObjects: 2.908617 ms  DeleteObjects: 0.526433 ms)

========================================================================
Received Prepare
Registering precompiled user dll's ...
Registered in 0.003966 seconds.
Begin MonoManager ReloadAssembly
Native extension for OSXStandalone target not found
Native extension for WebGL target not found
Refreshing native plugins compatible for Editor in 0.58 ms, found 3 plugins.
Preloading 0 native plugins for Editor in 0.00 ms.
Mono: successfully reloaded assembly
- Completed reload, in  1.428 seconds
Platform modules already initialized, skipping
Refreshing native plugins compatible for Editor in 0.52 ms, found 3 plugins.
Preloading 0 native plugins for Editor in 0.00 ms.
Unloading 2391 Unused Serialized files (Serialized files now loaded: 0)
System memory in use before: 212.6 MB.
System memory in use after: 212.0 MB.

Unloading 34 unused Assets to reduce memory usage. Loaded Objects now: 3080.
Total: 3.400795 ms (FindLiveObjects: 0.293529 ms CreateObjectMapping: 0.105350 ms MarkObjects: 2.525215 ms  DeleteObjects: 0.475859 ms)

========================================================================
Received Prepare
Registering precompiled user dll's ...
Registered in 0.002353 seconds.
Begin MonoManager ReloadAssembly
Native extension for OSXStandalone target not found
Native extension for WebGL target not found
Refreshing native plugins compatible for Editor in 0.58 ms, found 3 plugins.
Preloading 0 native plugins for Editor in 0.00 ms.
Mono: successfully reloaded assembly
- Completed reload, in  1.639 seconds
Platform modules already initialized, skipping
Refreshing native plugins compatible for Editor in 0.58 ms, found 3 plugins.
Preloading 0 native plugins for Editor in 0.00 ms.
Unloading 2391 Unused Serialized files (Serialized files now loaded: 0)
System memory in use before: 212.9 MB.
System memory in use after: 212.4 MB.

Unloading 34 unused Assets to reduce memory usage. Loaded Objects now: 3084.
Total: 3.876005 ms (FindLiveObjects: 0.300743 ms CreateObjectMapping: 0.102352 ms MarkObjects: 2.945717 ms  DeleteObjects: 0.526081 ms)

========================================================================
Received Prepare
Registering precompiled user dll's ...
Registered in 0.003212 seconds.
Begin MonoManager ReloadAssembly
Native extension for OSXStandalone target not found
Native extension for WebGL target not found
Refreshing native plugins compatible for Editor in 0.55 ms, found 3 plugins.
Preloading 0 native plugins for Editor in 0.00 ms.
Mono: successfully reloaded assembly
- Completed reload, in  1.796 seconds
Platform modules already initialized, skipping
Refreshing native plugins compatible for Editor in 0.60 ms, found 3 plugins.
Preloading 0 native plugins for Editor in 0.00 ms.
Unloading 2391 Unused Serialized files (Serialized files now loaded: 0)
System memory in use before: 213.1 MB.
System memory in use after: 212.6 MB.

Unloading 34 unused Assets to reduce memory usage. Loaded Objects now: 3088.
Total: 3.694811 ms (FindLiveObjects: 0.280488 ms CreateObjectMapping: 0.105077 ms MarkObjects: 2.774416 ms  DeleteObjects: 0.533814 ms)

========================================================================
Received Prepare
Registering precompiled user dll's ...
Registered in 0.002284 seconds.
Begin MonoManager ReloadAssembly
Native extension for OSXStandalone target not found
Native extension for WebGL target not found
Refreshing native plugins compatible for Editor in 0.58 ms, found 3 plugins.
Preloading 0 native plugins for Editor in 0.00 ms.
Mono: successfully reloaded assembly
- Completed reload, in  1.582 seconds
Platform modules already initialized, skipping
Refreshing native plugins compatible for Editor in 0.56 ms, found 3 plugins.
Preloading 0 native plugins for Editor in 0.00 ms.
Unloading 2391 Unused Serialized files (Serialized files now loaded: 0)
System memory in use before: 213.3 MB.
System memory in use after: 212.8 MB.

Unloading 34 unused Assets to reduce memory usage. Loaded Objects now: 3092.
Total: 3.947526 ms (FindLiveObjects: 0.366707 ms CreateObjectMapping: 0.252993 ms MarkObjects: 2.808623 ms  DeleteObjects: 0.518450 ms)

========================================================================
Received Prepare
Registering precompiled user dll's ...
Registered in 0.002473 seconds.
Begin MonoManager ReloadAssembly
Native extension for OSXStandalone target not found
Native extension for WebGL target not found
Refreshing native plugins compatible for Editor in 0.56 ms, found 3 plugins.
Preloading 0 native plugins for Editor in 0.00 ms.
Mono: successfully reloaded assembly
- Completed reload, in  1.619 seconds
Platform modules already initialized, skipping
Refreshing native plugins compatible for Editor in 0.57 ms, found 3 plugins.
Preloading 0 native plugins for Editor in 0.00 ms.
Unloading 2391 Unused Serialized files (Serialized files now loaded: 0)
System memory in use before: 213.5 MB.
System memory in use after: 213.0 MB.

Unloading 34 unused Assets to reduce memory usage. Loaded Objects now: 3096.
Total: 3.847500 ms (FindLiveObjects: 0.302195 ms CreateObjectMapping: 0.103303 ms MarkObjects: 2.914665 ms  DeleteObjects: 0.526123 ms)

========================================================================
Received Prepare
Registering precompiled user dll's ...
Registered in 0.002452 seconds.
Begin MonoManager ReloadAssembly
Native extension for OSXStandalone target not found
Native extension for WebGL target not found
Refreshing native plugins compatible for Editor in 0.65 ms, found 3 plugins.
Preloading 0 native plugins for Editor in 0.00 ms.
Mono: successfully reloaded assembly
- Completed reload, in  1.627 seconds
Platform modules already initialized, skipping
Refreshing native plugins compatible for Editor in 0.56 ms, found 3 plugins.
Preloading 0 native plugins for Editor in 0.00 ms.
Unloading 2391 Unused Serialized files (Serialized files now loaded: 0)
System memory in use before: 213.8 MB.
System memory in use after: 213.2 MB.

Unloading 34 unused Assets to reduce memory usage. Loaded Objects now: 3100.
Total: 3.512517 ms (FindLiveObjects: 0.305510 ms CreateObjectMapping: 0.103812 ms MarkObjects: 2.587031 ms  DeleteObjects: 0.514925 ms)

========================================================================
Received Prepare
Registering precompiled user dll's ...
Registered in 0.002840 seconds.
Begin MonoManager ReloadAssembly
Native extension for OSXStandalone target not found
Native extension for WebGL target not found
Refreshing native plugins compatible for Editor in 0.56 ms, found 3 plugins.
Preloading 0 native plugins for Editor in 0.00 ms.
Mono: successfully reloaded assembly
- Completed reload, in  1.689 seconds
Platform modules already initialized, skipping
Refreshing native plugins compatible for Editor in 0.71 ms, found 3 plugins.
Preloading 0 native plugins for Editor in 0.00 ms.
Unloading 2391 Unused Serialized files (Serialized files now loaded: 0)
System memory in use before: 214.1 MB.
System memory in use after: 213.5 MB.

Unloading 34 unused Assets to reduce memory usage. Loaded Objects now: 3104.
Total: 3.762564 ms (FindLiveObjects: 0.310529 ms CreateObjectMapping: 0.108377 ms MarkObjects: 2.812989 ms  DeleteObjects: 0.529585 ms)

========================================================================
Received Import Request.
  Time since last request: 2129.451029 seconds.
  path: Assets/Quests/Generator Variant.prefab
  artifactKey: Guid(a1b161bc7f8374fa3a6057e7f0804c1b) Importer(815301076,1909f56bfc062723c751e8b465ee728b)
Start importing Assets/Quests/Generator Variant.prefab using Guid(a1b161bc7f8374fa3a6057e7f0804c1b) Importer(815301076,1909f56bfc062723c751e8b465ee728b)  -> (artifact id: 'a9edd95e098151299fa323f84a48e729') in 0.113670 seconds
  Import took 0.118725 seconds .

========================================================================
Received Prepare
Registering precompiled user dll's ...
Registered in 0.002706 seconds.
Begin MonoManager ReloadAssembly
Native extension for OSXStandalone target not found
Native extension for WebGL target not found
Refreshing native plugins compatible for Editor in 0.55 ms, found 3 plugins.
Preloading 0 native plugins for Editor in 0.00 ms.
Mono: successfully reloaded assembly
- Completed reload, in  1.542 seconds
Platform modules already initialized, skipping
Refreshing native plugins compatible for Editor in 0.55 ms, found 3 plugins.
Preloading 0 native plugins for Editor in 0.00 ms.
Unloading 2391 Unused Serialized files (Serialized files now loaded: 0)
System memory in use before: 214.3 MB.
System memory in use after: 213.8 MB.

Unloading 35 unused Assets to reduce memory usage. Loaded Objects now: 3108.
Total: 3.306380 ms (FindLiveObjects: 0.295332 ms CreateObjectMapping: 0.096623 ms MarkObjects: 2.336669 ms  DeleteObjects: 0.576781 ms)

========================================================================
Received Prepare
Registering precompiled user dll's ...
Registered in 0.002353 seconds.
Begin MonoManager ReloadAssembly
Native extension for OSXStandalone target not found
Native extension for WebGL target not found
Refreshing native plugins compatible for Editor in 0.60 ms, found 3 plugins.
Preloading 0 native plugins for Editor in 0.00 ms.
Mono: successfully reloaded assembly
- Completed reload, in  1.528 seconds
Platform modules already initialized, skipping
Refreshing native plugins compatible for Editor in 0.58 ms, found 3 plugins.
Preloading 0 native plugins for Editor in 0.00 ms.
Unloading 2391 Unused Serialized files (Serialized files now loaded: 0)
System memory in use before: 214.5 MB.
System memory in use after: 214.0 MB.

Unloading 34 unused Assets to reduce memory usage. Loaded Objects now: 3112.
Total: 3.637468 ms (FindLiveObjects: 0.310547 ms CreateObjectMapping: 0.158245 ms MarkObjects: 2.668352 ms  DeleteObjects: 0.499298 ms)

AssetImportWorkerClient::OnTransportError - code=2 error=End of file
