Using pre-set license

 COMMAND LINE ARGUMENTS:
/Applications/Unity/Hub/Editor/2020.3.11f1/Unity.app/Contents/MacOS/Unity
-adb2
-batchMode
-noUpm
-name
AssetImportWorker0
-projectPath
/Users/Quentin/Documents/dev/playground_stressed_out
-logFile
Logs/AssetImportWorker0.log
-srvPort
49711
Successfully changed project path to: /Users/Quentin/Documents/dev/playground_stressed_out
/Users/Quentin/Documents/dev/playground_stressed_out
Using Asset Import Pipeline V2.
Refreshing native plugins compatible for Editor in 54.39 ms, found 3 plugins.
Preloading 0 native plugins for Editor in 0.00 ms.
Initialize engine version: 2020.3.11f1 (99c7afb366b3)
[Subsystems] Discovering subsystems at path /Applications/Unity/Hub/Editor/2020.3.11f1/Unity.app/Contents/Resources/UnitySubsystems
[Subsystems] Discovering subsystems at path /Users/Quentin/Documents/dev/playground_stressed_out/Assets
GfxDevice: creating device client; threaded=0
2021-07-26 15:00:20.404 Unity[1383:18447] Color LCD preferred device: Intel Iris Pro Graphics (low power)
2021-07-26 15:00:20.404 Unity[1383:18447] Metal devices available: 2
2021-07-26 15:00:20.405 Unity[1383:18447] 0: AMD Radeon R9 M370X (high power)
2021-07-26 15:00:20.405 Unity[1383:18447] 1: Intel Iris Pro Graphics (low power)
2021-07-26 15:00:20.405 Unity[1383:18447] Using device AMD Radeon R9 M370X (high power)
Initializing Metal device caps: AMD Radeon R9 M370X
Initialize mono
Mono path[0] = '/Applications/Unity/Hub/Editor/2020.3.11f1/Unity.app/Contents/Managed'
Mono path[1] = '/Applications/Unity/Hub/Editor/2020.3.11f1/Unity.app/Contents/MonoBleedingEdge/lib/mono/unityjit'
Mono config path = '/Applications/Unity/Hub/Editor/2020.3.11f1/Unity.app/Contents/MonoBleedingEdge/etc'
Using monoOptions --debugger-agent=transport=dt_socket,embedding=1,server=y,suspend=n,address=127.0.0.1:56383
Begin MonoManager ReloadAssembly
Registering precompiled unity dll's ...
Register platform support module: /Applications/Unity/Hub/Editor/2020.3.11f1/PlaybackEngines/WebGLSupport/UnityEditor.WebGL.Extensions.dll
Register platform support module: /Applications/Unity/Hub/Editor/2020.3.11f1/Unity.app/Contents/PlaybackEngines/MacStandaloneSupport/UnityEditor.OSXStandalone.Extensions.dll
Registered in 0.000781 seconds.
Native extension for OSXStandalone target not found
Native extension for WebGL target not found
Refreshing native plugins compatible for Editor in 73.61 ms, found 3 plugins.
Preloading 0 native plugins for Editor in 0.00 ms.
Mono: successfully reloaded assembly
- Completed reload, in  1.803 seconds
Platform modules already initialized, skipping
Registering precompiled user dll's ...
Registered in 0.002238 seconds.
Begin MonoManager ReloadAssembly
Native extension for OSXStandalone target not found
Native extension for WebGL target not found
Refreshing native plugins compatible for Editor in 53.12 ms, found 3 plugins.
Preloading 0 native plugins for Editor in 0.00 ms.
Mono: successfully reloaded assembly
- Completed reload, in  1.625 seconds
Platform modules already initialized, skipping
========================================================================
Worker process is ready to serve import requests
Launching external process: /Applications/Unity/Hub/Editor/2020.3.11f1/Unity.app/Contents/Tools/UnityShaderCompiler
Launched and connected shader compiler UnityShaderCompiler after 0.02 seconds
Refreshing native plugins compatible for Editor in 0.72 ms, found 3 plugins.
Preloading 0 native plugins for Editor in 0.00 ms.
Unloading 2396 Unused Serialized files (Serialized files now loaded: 0)
System memory in use before: 185.3 MB.
System memory in use after: 185.3 MB.

Unloading 35 unused Assets to reduce memory usage. Loaded Objects now: 2833.
Total: 3.577940 ms (FindLiveObjects: 0.419645 ms CreateObjectMapping: 0.155663 ms MarkObjects: 2.840816 ms  DeleteObjects: 0.160816 ms)

========================================================================
Received Import Request.
  path: Assets/Quests/Generator.asset
  artifactKey: Guid(2deec9e2a066c47d482beeae565644e4) Importer(815301076,1909f56bfc062723c751e8b465ee728b)
Start importing Assets/Quests/Generator.asset using Guid(2deec9e2a066c47d482beeae565644e4) Importer(815301076,1909f56bfc062723c751e8b465ee728b)  -> (artifact id: 'c04e27afa58ba0dd28621b3bab903a3b') in 1.256695 seconds
  Import took 1.262254 seconds .

========================================================================
Received Prepare
Registering precompiled user dll's ...
Registered in 0.002352 seconds.
Begin MonoManager ReloadAssembly
Native extension for OSXStandalone target not found
Native extension for WebGL target not found
Refreshing native plugins compatible for Editor in 0.54 ms, found 3 plugins.
Preloading 0 native plugins for Editor in 0.00 ms.
Mono: successfully reloaded assembly
- Completed reload, in  1.544 seconds
Platform modules already initialized, skipping
Refreshing native plugins compatible for Editor in 0.60 ms, found 3 plugins.
Preloading 0 native plugins for Editor in 0.00 ms.
Unloading 2378 Unused Serialized files (Serialized files now loaded: 0)
System memory in use before: 188.9 MB.
System memory in use after: 189.0 MB.

Unloading 24 unused Assets to reduce memory usage. Loaded Objects now: 2837.
Total: 3.357699 ms (FindLiveObjects: 0.322711 ms CreateObjectMapping: 0.128711 ms MarkObjects: 2.741439 ms  DeleteObjects: 0.163720 ms)

========================================================================
Received Import Request.
  Time since last request: 112.769329 seconds.
  path: Assets/Quests/Generator Variant.prefab
  artifactKey: Guid(a1b161bc7f8374fa3a6057e7f0804c1b) Importer(815301076,1909f56bfc062723c751e8b465ee728b)
Start importing Assets/Quests/Generator Variant.prefab using Guid(a1b161bc7f8374fa3a6057e7f0804c1b) Importer(815301076,1909f56bfc062723c751e8b465ee728b)  -> (artifact id: '11b1820449c03b031d365728e4d4e17d') in 0.440790 seconds
  Import took 0.446098 seconds .

========================================================================
Received Import Request.
  Time since last request: 0.000268 seconds.
  path: Assets/Quests/MiniGame.prefab
  artifactKey: Guid(f004c638f65d340f99bf498ad90b4469) Importer(815301076,1909f56bfc062723c751e8b465ee728b)
Start importing Assets/Quests/MiniGame.prefab using Guid(f004c638f65d340f99bf498ad90b4469) Importer(815301076,1909f56bfc062723c751e8b465ee728b)  -> (artifact id: '38f2ed9fb3f56a3ce19399ecc573c35b') in 0.019610 seconds
  Import took 0.023634 seconds .

========================================================================
Received Prepare
Registering precompiled user dll's ...
Registered in 0.004245 seconds.
Begin MonoManager ReloadAssembly
Native extension for OSXStandalone target not found
Native extension for WebGL target not found
Refreshing native plugins compatible for Editor in 0.63 ms, found 3 plugins.
Preloading 0 native plugins for Editor in 0.00 ms.
Mono: successfully reloaded assembly
- Completed reload, in  1.461 seconds
Platform modules already initialized, skipping
Refreshing native plugins compatible for Editor in 0.57 ms, found 3 plugins.
Preloading 0 native plugins for Editor in 0.00 ms.
Unloading 2378 Unused Serialized files (Serialized files now loaded: 0)
System memory in use before: 193.5 MB.
System memory in use after: 193.6 MB.

Unloading 23 unused Assets to reduce memory usage. Loaded Objects now: 2841.
Total: 4.627403 ms (FindLiveObjects: 0.431136 ms CreateObjectMapping: 0.115580 ms MarkObjects: 3.892468 ms  DeleteObjects: 0.186621 ms)

========================================================================
Received Import Request.
  Time since last request: 105.894162 seconds.
  path: Assets/Quests/Generator Variant.prefab
  artifactKey: Guid(a1b161bc7f8374fa3a6057e7f0804c1b) Importer(815301076,1909f56bfc062723c751e8b465ee728b)
Start importing Assets/Quests/Generator Variant.prefab using Guid(a1b161bc7f8374fa3a6057e7f0804c1b) Importer(815301076,1909f56bfc062723c751e8b465ee728b)  -> (artifact id: 'e8f7642962d6c3776e5d5fd31acd1a72') in 0.103490 seconds
  Import took 0.109368 seconds .

========================================================================
Received Import Request.
  Time since last request: 0.000284 seconds.
  path: Assets/Quests/MiniGame.prefab
  artifactKey: Guid(f004c638f65d340f99bf498ad90b4469) Importer(815301076,1909f56bfc062723c751e8b465ee728b)
Start importing Assets/Quests/MiniGame.prefab using Guid(f004c638f65d340f99bf498ad90b4469) Importer(815301076,1909f56bfc062723c751e8b465ee728b)  -> (artifact id: 'e0a4f0553f0e085c38b2fbc5eae60543') in 0.020822 seconds
  Import took 0.025426 seconds .

========================================================================
Received Import Request.
  Time since last request: 0.024362 seconds.
  path: Assets/Quests/MiniGame.prefab
  artifactKey: Guid(f004c638f65d340f99bf498ad90b4469) Importer(815301076,1909f56bfc062723c751e8b465ee728b)
Start importing Assets/Quests/MiniGame.prefab using Guid(f004c638f65d340f99bf498ad90b4469) Importer(815301076,1909f56bfc062723c751e8b465ee728b)  -> (artifact id: 'e0a4f0553f0e085c38b2fbc5eae60543') in 0.016687 seconds
  Import took 0.024063 seconds .

========================================================================
Received Import Request.
  Time since last request: 403.959540 seconds.
  path: Assets/Quests/fail.wav
  artifactKey: Guid(9b809370c407c4712b4eb15c44acfe32) Importer(815301076,1909f56bfc062723c751e8b465ee728b)
Start importing Assets/Quests/fail.wav using Guid(9b809370c407c4712b4eb15c44acfe32) Importer(815301076,1909f56bfc062723c751e8b465ee728b)  -> (artifact id: '87214cf234a2c3522d80994cbbb18cdc') in 1.192758 seconds
  Import took 1.198196 seconds .

========================================================================
Received Import Request.
  Time since last request: 0.000219 seconds.
  path: Assets/Quests/success.wav
  artifactKey: Guid(cf9131176c1504643b2f4b6551680e4f) Importer(815301076,1909f56bfc062723c751e8b465ee728b)
Start importing Assets/Quests/success.wav using Guid(cf9131176c1504643b2f4b6551680e4f) Importer(815301076,1909f56bfc062723c751e8b465ee728b)  -> (artifact id: '6aabe6f2c6645065a037c13b88a323db') in 0.013044 seconds
  Import took 0.017550 seconds .

========================================================================
Received Import Request.
  Time since last request: 11.349926 seconds.
  path: Assets/Quests/MiniGame.prefab
  artifactKey: Guid(f004c638f65d340f99bf498ad90b4469) Importer(815301076,1909f56bfc062723c751e8b465ee728b)
Start importing Assets/Quests/MiniGame.prefab using Guid(f004c638f65d340f99bf498ad90b4469) Importer(815301076,1909f56bfc062723c751e8b465ee728b)  -> (artifact id: '27d20f518c4862ee19778cb957f7f9a5') in 0.024159 seconds
  Import took 0.030372 seconds .

========================================================================
Received Import Request.
  Time since last request: 0.004014 seconds.
  path: Assets/Quests/Generator Variant.prefab
  artifactKey: Guid(a1b161bc7f8374fa3a6057e7f0804c1b) Importer(815301076,1909f56bfc062723c751e8b465ee728b)
Start importing Assets/Quests/Generator Variant.prefab using Guid(a1b161bc7f8374fa3a6057e7f0804c1b) Importer(815301076,1909f56bfc062723c751e8b465ee728b)  -> (artifact id: '105a17ab42e045ca0740894fcc8143e9') in 0.029115 seconds
  Import took 0.036655 seconds .

========================================================================
Received Import Request.
  Time since last request: 2.075828 seconds.
  path: Assets/Quests/MiniGame.prefab
  artifactKey: Guid(f004c638f65d340f99bf498ad90b4469) Importer(815301076,1909f56bfc062723c751e8b465ee728b)
Start importing Assets/Quests/MiniGame.prefab using Guid(f004c638f65d340f99bf498ad90b4469) Importer(815301076,1909f56bfc062723c751e8b465ee728b)  -> (artifact id: 'c26496c2696f688f8e107a70ceb8f2e3') in 0.023208 seconds
  Import took 0.029453 seconds .

========================================================================
Received Import Request.
  Time since last request: 0.000286 seconds.
  path: Assets/Quests/Generator Variant.prefab
  artifactKey: Guid(a1b161bc7f8374fa3a6057e7f0804c1b) Importer(815301076,1909f56bfc062723c751e8b465ee728b)
Start importing Assets/Quests/Generator Variant.prefab using Guid(a1b161bc7f8374fa3a6057e7f0804c1b) Importer(815301076,1909f56bfc062723c751e8b465ee728b)  -> (artifact id: '61ce71a74912b5b0b3bf05204ecd77ad') in 0.024030 seconds
  Import took 0.029873 seconds .

========================================================================
Received Import Request.
  Time since last request: 4.193119 seconds.
  path: Assets/Quests/MiniGame.prefab
  artifactKey: Guid(f004c638f65d340f99bf498ad90b4469) Importer(815301076,1909f56bfc062723c751e8b465ee728b)
Start importing Assets/Quests/MiniGame.prefab using Guid(f004c638f65d340f99bf498ad90b4469) Importer(815301076,1909f56bfc062723c751e8b465ee728b)  -> (artifact id: '7df24ccc4a32d04af7597ae68aa4502c') in 0.023856 seconds
  Import took 0.029660 seconds .

========================================================================
Received Import Request.
  Time since last request: 0.001682 seconds.
  path: Assets/Quests/Generator Variant.prefab
  artifactKey: Guid(a1b161bc7f8374fa3a6057e7f0804c1b) Importer(815301076,1909f56bfc062723c751e8b465ee728b)
Start importing Assets/Quests/Generator Variant.prefab using Guid(a1b161bc7f8374fa3a6057e7f0804c1b) Importer(815301076,1909f56bfc062723c751e8b465ee728b)  -> (artifact id: 'd92bbaaa6cf948ad2c1dcfe1900c5323') in 0.032675 seconds
  Import took 0.038641 seconds .

========================================================================
Received Import Request.
  Time since last request: 16.806496 seconds.
  path: Assets/Quests/MiniGame.prefab
  artifactKey: Guid(f004c638f65d340f99bf498ad90b4469) Importer(815301076,1909f56bfc062723c751e8b465ee728b)
Start importing Assets/Quests/MiniGame.prefab using Guid(f004c638f65d340f99bf498ad90b4469) Importer(815301076,1909f56bfc062723c751e8b465ee728b)  -> (artifact id: '88022bb1c181bbe0f38a0dd1daf75858') in 0.026558 seconds
  Import took 0.033132 seconds .

========================================================================
Received Import Request.
  Time since last request: 0.009503 seconds.
  path: Assets/Quests/Generator Variant.prefab
  artifactKey: Guid(a1b161bc7f8374fa3a6057e7f0804c1b) Importer(815301076,1909f56bfc062723c751e8b465ee728b)
Start importing Assets/Quests/Generator Variant.prefab using Guid(a1b161bc7f8374fa3a6057e7f0804c1b) Importer(815301076,1909f56bfc062723c751e8b465ee728b)  -> (artifact id: 'fe9146d82650b8b55e21c38eff105157') in 0.024733 seconds
  Import took 0.032986 seconds .

========================================================================
Received Prepare
Registering precompiled user dll's ...
Registered in 0.004805 seconds.
Begin MonoManager ReloadAssembly
Native extension for OSXStandalone target not found
Native extension for WebGL target not found
Refreshing native plugins compatible for Editor in 0.62 ms, found 3 plugins.
Preloading 0 native plugins for Editor in 0.00 ms.
Mono: successfully reloaded assembly
- Completed reload, in  1.486 seconds
Platform modules already initialized, skipping
Refreshing native plugins compatible for Editor in 0.84 ms, found 3 plugins.
Preloading 0 native plugins for Editor in 0.00 ms.
Unloading 2378 Unused Serialized files (Serialized files now loaded: 0)
System memory in use before: 201.2 MB.
System memory in use after: 201.3 MB.

Unloading 23 unused Assets to reduce memory usage. Loaded Objects now: 2854.
Total: 3.259584 ms (FindLiveObjects: 0.362626 ms CreateObjectMapping: 0.199408 ms MarkObjects: 2.562753 ms  DeleteObjects: 0.133319 ms)

========================================================================
Received Prepare
Registering precompiled user dll's ...
Registered in 0.006542 seconds.
Begin MonoManager ReloadAssembly
Native extension for OSXStandalone target not found
Native extension for WebGL target not found
Refreshing native plugins compatible for Editor in 0.74 ms, found 3 plugins.
Preloading 0 native plugins for Editor in 0.00 ms.
Mono: successfully reloaded assembly
- Completed reload, in  1.563 seconds
Platform modules already initialized, skipping
Refreshing native plugins compatible for Editor in 0.45 ms, found 3 plugins.
Preloading 0 native plugins for Editor in 0.00 ms.
Unloading 2378 Unused Serialized files (Serialized files now loaded: 0)
System memory in use before: 201.4 MB.
System memory in use after: 201.5 MB.

Unloading 21 unused Assets to reduce memory usage. Loaded Objects now: 2858.
Total: 3.538429 ms (FindLiveObjects: 0.354845 ms CreateObjectMapping: 0.174576 ms MarkObjects: 2.894120 ms  DeleteObjects: 0.113848 ms)

========================================================================
Received Prepare
Registering precompiled user dll's ...
Registered in 0.005277 seconds.
Begin MonoManager ReloadAssembly
Native extension for OSXStandalone target not found
Native extension for WebGL target not found
Refreshing native plugins compatible for Editor in 0.55 ms, found 3 plugins.
Preloading 0 native plugins for Editor in 0.00 ms.
Mono: successfully reloaded assembly
- Completed reload, in  1.774 seconds
Platform modules already initialized, skipping
Refreshing native plugins compatible for Editor in 0.59 ms, found 3 plugins.
Preloading 0 native plugins for Editor in 0.00 ms.
Unloading 2378 Unused Serialized files (Serialized files now loaded: 0)
System memory in use before: 201.5 MB.
System memory in use after: 201.6 MB.

Unloading 21 unused Assets to reduce memory usage. Loaded Objects now: 2862.
Total: 4.883096 ms (FindLiveObjects: 0.479866 ms CreateObjectMapping: 0.151341 ms MarkObjects: 4.032569 ms  DeleteObjects: 0.217854 ms)

========================================================================
Received Prepare
Registering precompiled user dll's ...
Registered in 0.004676 seconds.
Begin MonoManager ReloadAssembly
Native extension for OSXStandalone target not found
Native extension for WebGL target not found
Refreshing native plugins compatible for Editor in 0.54 ms, found 3 plugins.
Preloading 0 native plugins for Editor in 0.00 ms.
Mono: successfully reloaded assembly
- Completed reload, in  1.480 seconds
Platform modules already initialized, skipping
Refreshing native plugins compatible for Editor in 0.62 ms, found 3 plugins.
Preloading 0 native plugins for Editor in 0.00 ms.
Unloading 2378 Unused Serialized files (Serialized files now loaded: 0)
System memory in use before: 201.9 MB.
System memory in use after: 202.0 MB.

Unloading 21 unused Assets to reduce memory usage. Loaded Objects now: 2866.
Total: 5.594213 ms (FindLiveObjects: 0.357293 ms CreateObjectMapping: 0.227446 ms MarkObjects: 4.857643 ms  DeleteObjects: 0.150450 ms)

========================================================================
Received Prepare
Registering precompiled user dll's ...
Registered in 0.003374 seconds.
Begin MonoManager ReloadAssembly
Native extension for OSXStandalone target not found
Native extension for WebGL target not found
Refreshing native plugins compatible for Editor in 0.55 ms, found 3 plugins.
Preloading 0 native plugins for Editor in 0.00 ms.
Mono: successfully reloaded assembly
- Completed reload, in  1.545 seconds
Platform modules already initialized, skipping
Refreshing native plugins compatible for Editor in 1.10 ms, found 3 plugins.
Preloading 0 native plugins for Editor in 0.00 ms.
Unloading 2378 Unused Serialized files (Serialized files now loaded: 0)
System memory in use before: 202.1 MB.
System memory in use after: 202.2 MB.

Unloading 21 unused Assets to reduce memory usage. Loaded Objects now: 2870.
Total: 5.727939 ms (FindLiveObjects: 0.430508 ms CreateObjectMapping: 0.125430 ms MarkObjects: 5.016965 ms  DeleteObjects: 0.153274 ms)

========================================================================
Received Prepare
Registering precompiled user dll's ...
Registered in 0.003182 seconds.
Begin MonoManager ReloadAssembly
Native extension for OSXStandalone target not found
Native extension for WebGL target not found
Refreshing native plugins compatible for Editor in 0.54 ms, found 3 plugins.
Preloading 0 native plugins for Editor in 0.00 ms.
Mono: successfully reloaded assembly
- Completed reload, in  1.462 seconds
Platform modules already initialized, skipping
Refreshing native plugins compatible for Editor in 0.55 ms, found 3 plugins.
Preloading 0 native plugins for Editor in 0.00 ms.
Unloading 2378 Unused Serialized files (Serialized files now loaded: 0)
System memory in use before: 202.3 MB.
System memory in use after: 202.4 MB.

Unloading 21 unused Assets to reduce memory usage. Loaded Objects now: 2874.
Total: 3.127857 ms (FindLiveObjects: 0.360331 ms CreateObjectMapping: 0.097280 ms MarkObjects: 2.516892 ms  DeleteObjects: 0.141370 ms)

========================================================================
Received Import Request.
  Time since last request: 538.488495 seconds.
  path: Assets/Quests/Generator Variant.prefab
  artifactKey: Guid(a1b161bc7f8374fa3a6057e7f0804c1b) Importer(815301076,1909f56bfc062723c751e8b465ee728b)
Start importing Assets/Quests/Generator Variant.prefab using Guid(a1b161bc7f8374fa3a6057e7f0804c1b) Importer(815301076,1909f56bfc062723c751e8b465ee728b)  -> (artifact id: '9b10812e05932a346f3237a04521cddc') in 0.110463 seconds
  Import took 0.116402 seconds .

========================================================================
Received Import Request.
  Time since last request: 0.000228 seconds.
  path: Assets/Quests/MiniGame.prefab
  artifactKey: Guid(f004c638f65d340f99bf498ad90b4469) Importer(815301076,1909f56bfc062723c751e8b465ee728b)
Start importing Assets/Quests/MiniGame.prefab using Guid(f004c638f65d340f99bf498ad90b4469) Importer(815301076,1909f56bfc062723c751e8b465ee728b)  -> (artifact id: 'f63895e857ef42f6c26dc220c3a37b77') in 0.023149 seconds
  Import took 0.028855 seconds .

========================================================================
Received Import Request.
  Time since last request: 0.017060 seconds.
  path: Assets/Quests/MiniGame.prefab
  artifactKey: Guid(f004c638f65d340f99bf498ad90b4469) Importer(815301076,1909f56bfc062723c751e8b465ee728b)
Start importing Assets/Quests/MiniGame.prefab using Guid(f004c638f65d340f99bf498ad90b4469) Importer(815301076,1909f56bfc062723c751e8b465ee728b)  -> (artifact id: 'f63895e857ef42f6c26dc220c3a37b77') in 0.022006 seconds
  Import took 0.026376 seconds .

========================================================================
Received Import Request.
  Time since last request: 7.742501 seconds.
  path: Assets/Quests/Generator Variant.prefab
  artifactKey: Guid(a1b161bc7f8374fa3a6057e7f0804c1b) Importer(815301076,1909f56bfc062723c751e8b465ee728b)
Start importing Assets/Quests/Generator Variant.prefab using Guid(a1b161bc7f8374fa3a6057e7f0804c1b) Importer(815301076,1909f56bfc062723c751e8b465ee728b)  -> (artifact id: '7ef3ed6f2ea19a9045b7ddfcb621bad2') in 0.026162 seconds
  Import took 0.031232 seconds .

========================================================================
Received Import Request.
  Time since last request: 9.370213 seconds.
  path: Assets/Quests/MiniGame.prefab
  artifactKey: Guid(f004c638f65d340f99bf498ad90b4469) Importer(815301076,1909f56bfc062723c751e8b465ee728b)
Start importing Assets/Quests/MiniGame.prefab using Guid(f004c638f65d340f99bf498ad90b4469) Importer(815301076,1909f56bfc062723c751e8b465ee728b)  -> (artifact id: 'de979c5fca43d0b4533ccef7c1d449bb') in 0.021569 seconds
  Import took 0.027525 seconds .

========================================================================
Received Import Request.
  Time since last request: 0.000519 seconds.
  path: Assets/Quests/Generator Variant.prefab
  artifactKey: Guid(a1b161bc7f8374fa3a6057e7f0804c1b) Importer(815301076,1909f56bfc062723c751e8b465ee728b)
Start importing Assets/Quests/Generator Variant.prefab using Guid(a1b161bc7f8374fa3a6057e7f0804c1b) Importer(815301076,1909f56bfc062723c751e8b465ee728b)  -> (artifact id: 'd28855b3f58c2136a70b9c3a41d2f13c') in 0.026893 seconds
  Import took 0.032674 seconds .

========================================================================
Received Import Request.
  Time since last request: 9.794550 seconds.
  path: Assets/Quests/Generator Variant.prefab
  artifactKey: Guid(a1b161bc7f8374fa3a6057e7f0804c1b) Importer(815301076,1909f56bfc062723c751e8b465ee728b)
Start importing Assets/Quests/Generator Variant.prefab using Guid(a1b161bc7f8374fa3a6057e7f0804c1b) Importer(815301076,1909f56bfc062723c751e8b465ee728b)  -> (artifact id: 'a6a9c7f08848f9a04aa64d7d48abdc2a') in 0.023695 seconds
  Import took 0.030118 seconds .

========================================================================
Received Import Request.
  Time since last request: 0.003835 seconds.
  path: Assets/Quests/Generator Variant.prefab
  artifactKey: Guid(a1b161bc7f8374fa3a6057e7f0804c1b) Importer(815301076,1909f56bfc062723c751e8b465ee728b)
Start importing Assets/Quests/Generator Variant.prefab using Guid(a1b161bc7f8374fa3a6057e7f0804c1b) Importer(815301076,1909f56bfc062723c751e8b465ee728b)  -> (artifact id: 'a6a9c7f08848f9a04aa64d7d48abdc2a') in 0.026134 seconds
  Import took 0.032534 seconds .

========================================================================
Received Import Request.
  Time since last request: 3.689035 seconds.
  path: Assets/Quests/Generator Variant.prefab
  artifactKey: Guid(a1b161bc7f8374fa3a6057e7f0804c1b) Importer(815301076,1909f56bfc062723c751e8b465ee728b)
Start importing Assets/Quests/Generator Variant.prefab using Guid(a1b161bc7f8374fa3a6057e7f0804c1b) Importer(815301076,1909f56bfc062723c751e8b465ee728b)  -> (artifact id: '50b6105587d48cf33050b670d8cb322e') in 0.024243 seconds
  Import took 0.030304 seconds .

========================================================================
Received Import Request.
  Time since last request: 0.002276 seconds.
  path: Assets/Quests/Generator Variant.prefab
  artifactKey: Guid(a1b161bc7f8374fa3a6057e7f0804c1b) Importer(815301076,1909f56bfc062723c751e8b465ee728b)
Start importing Assets/Quests/Generator Variant.prefab using Guid(a1b161bc7f8374fa3a6057e7f0804c1b) Importer(815301076,1909f56bfc062723c751e8b465ee728b)  -> (artifact id: '50b6105587d48cf33050b670d8cb322e') in 0.030111 seconds
  Import took 0.034808 seconds .

========================================================================
Received Prepare
Registering precompiled user dll's ...
Registered in 0.006494 seconds.
Begin MonoManager ReloadAssembly
Native extension for OSXStandalone target not found
Native extension for WebGL target not found
Refreshing native plugins compatible for Editor in 0.55 ms, found 3 plugins.
Preloading 0 native plugins for Editor in 0.00 ms.
Mono: successfully reloaded assembly
- Completed reload, in  1.404 seconds
Platform modules already initialized, skipping
Refreshing native plugins compatible for Editor in 0.55 ms, found 3 plugins.
Preloading 0 native plugins for Editor in 0.00 ms.
Unloading 2378 Unused Serialized files (Serialized files now loaded: 0)
System memory in use before: 202.6 MB.
System memory in use after: 202.7 MB.

Unloading 23 unused Assets to reduce memory usage. Loaded Objects now: 2878.
Total: 2.864016 ms (FindLiveObjects: 0.245409 ms CreateObjectMapping: 0.094412 ms MarkObjects: 2.392165 ms  DeleteObjects: 0.131066 ms)

========================================================================
Received Prepare
Registering precompiled user dll's ...
Registered in 0.006145 seconds.
Begin MonoManager ReloadAssembly
Native extension for OSXStandalone target not found
Native extension for WebGL target not found
Refreshing native plugins compatible for Editor in 0.77 ms, found 3 plugins.
Preloading 0 native plugins for Editor in 0.00 ms.
Mono: successfully reloaded assembly
- Completed reload, in  1.829 seconds
Platform modules already initialized, skipping
Refreshing native plugins compatible for Editor in 0.71 ms, found 3 plugins.
Preloading 0 native plugins for Editor in 0.00 ms.
Unloading 2378 Unused Serialized files (Serialized files now loaded: 0)
System memory in use before: 202.7 MB.
System memory in use after: 202.8 MB.

Unloading 21 unused Assets to reduce memory usage. Loaded Objects now: 2882.
Total: 3.904366 ms (FindLiveObjects: 0.421648 ms CreateObjectMapping: 0.335213 ms MarkObjects: 2.947483 ms  DeleteObjects: 0.198136 ms)

========================================================================
Received Import Request.
  Time since last request: 128.631204 seconds.
  path: Assets/Quests/click.wav
  artifactKey: Guid(08bbeef214a194667b4d60bfc478c68c) Importer(815301076,1909f56bfc062723c751e8b465ee728b)
Start importing Assets/Quests/click.wav using Guid(08bbeef214a194667b4d60bfc478c68c) Importer(815301076,1909f56bfc062723c751e8b465ee728b)  -> (artifact id: '977ea1f00270fde4ab4521985ce3a03c') in 0.064713 seconds
  Import took 0.070350 seconds .

========================================================================
Received Prepare
Registering precompiled user dll's ...
Registered in 0.004650 seconds.
Begin MonoManager ReloadAssembly
Native extension for OSXStandalone target not found
Native extension for WebGL target not found
Refreshing native plugins compatible for Editor in 0.57 ms, found 3 plugins.
Preloading 0 native plugins for Editor in 0.00 ms.
Mono: successfully reloaded assembly
- Completed reload, in  1.531 seconds
Platform modules already initialized, skipping
Refreshing native plugins compatible for Editor in 0.64 ms, found 3 plugins.
Preloading 0 native plugins for Editor in 0.00 ms.
Unloading 2378 Unused Serialized files (Serialized files now loaded: 0)
System memory in use before: 203.1 MB.
System memory in use after: 203.2 MB.

Unloading 21 unused Assets to reduce memory usage. Loaded Objects now: 2887.
Total: 3.238293 ms (FindLiveObjects: 0.317711 ms CreateObjectMapping: 0.100967 ms MarkObjects: 2.643813 ms  DeleteObjects: 0.174660 ms)

========================================================================
Received Import Request.
  Time since last request: 62.830359 seconds.
  path: Assets/Quests/Generator Variant.prefab
  artifactKey: Guid(a1b161bc7f8374fa3a6057e7f0804c1b) Importer(815301076,1909f56bfc062723c751e8b465ee728b)
Start importing Assets/Quests/Generator Variant.prefab using Guid(a1b161bc7f8374fa3a6057e7f0804c1b) Importer(815301076,1909f56bfc062723c751e8b465ee728b)  -> (artifact id: '993021d2b388d24171bdba5952f4df76') in 0.122033 seconds
  Import took 0.127930 seconds .

========================================================================
Received Import Request.
  Time since last request: 0.000920 seconds.
  path: Assets/Quests/Generator Variant.prefab
  artifactKey: Guid(a1b161bc7f8374fa3a6057e7f0804c1b) Importer(815301076,1909f56bfc062723c751e8b465ee728b)
Start importing Assets/Quests/Generator Variant.prefab using Guid(a1b161bc7f8374fa3a6057e7f0804c1b) Importer(815301076,1909f56bfc062723c751e8b465ee728b)  -> (artifact id: '993021d2b388d24171bdba5952f4df76') in 0.025474 seconds
  Import took 0.030446 seconds .

========================================================================
Received Prepare
Registering precompiled user dll's ...
Registered in 0.004201 seconds.
Begin MonoManager ReloadAssembly
Native extension for OSXStandalone target not found
Native extension for WebGL target not found
Refreshing native plugins compatible for Editor in 0.63 ms, found 3 plugins.
Preloading 0 native plugins for Editor in 0.00 ms.
Mono: successfully reloaded assembly
- Completed reload, in  1.684 seconds
Platform modules already initialized, skipping
Refreshing native plugins compatible for Editor in 0.48 ms, found 3 plugins.
Preloading 0 native plugins for Editor in 0.00 ms.
Unloading 2378 Unused Serialized files (Serialized files now loaded: 0)
System memory in use before: 203.4 MB.
System memory in use after: 203.5 MB.

Unloading 23 unused Assets to reduce memory usage. Loaded Objects now: 2891.
Total: 4.268485 ms (FindLiveObjects: 0.230801 ms CreateObjectMapping: 0.096576 ms MarkObjects: 3.598673 ms  DeleteObjects: 0.341140 ms)

========================================================================
Received Import Request.
  Time since last request: 61.710581 seconds.
  path: Assets/Quests/Generator Variant.prefab
  artifactKey: Guid(a1b161bc7f8374fa3a6057e7f0804c1b) Importer(815301076,1909f56bfc062723c751e8b465ee728b)
Start importing Assets/Quests/Generator Variant.prefab using Guid(a1b161bc7f8374fa3a6057e7f0804c1b) Importer(815301076,1909f56bfc062723c751e8b465ee728b)  -> (artifact id: '669bba79c23814930eff02d77372c712') in 0.140932 seconds
  Import took 0.147723 seconds .

========================================================================
Received Prepare
Registering precompiled user dll's ...
Registered in 0.003113 seconds.
Begin MonoManager ReloadAssembly
Native extension for OSXStandalone target not found
Native extension for WebGL target not found
Refreshing native plugins compatible for Editor in 0.58 ms, found 3 plugins.
Preloading 0 native plugins for Editor in 0.00 ms.
Mono: successfully reloaded assembly
- Completed reload, in  1.503 seconds
Platform modules already initialized, skipping
Refreshing native plugins compatible for Editor in 0.58 ms, found 3 plugins.
Preloading 0 native plugins for Editor in 0.00 ms.
Unloading 2378 Unused Serialized files (Serialized files now loaded: 0)
System memory in use before: 203.6 MB.
System memory in use after: 203.7 MB.

Unloading 23 unused Assets to reduce memory usage. Loaded Objects now: 2895.
Total: 3.566279 ms (FindLiveObjects: 0.367241 ms CreateObjectMapping: 0.231252 ms MarkObjects: 2.818527 ms  DeleteObjects: 0.148032 ms)

========================================================================
Received Prepare
Registering precompiled user dll's ...
Registered in 0.005474 seconds.
Begin MonoManager ReloadAssembly
Native extension for OSXStandalone target not found
Native extension for WebGL target not found
Refreshing native plugins compatible for Editor in 0.73 ms, found 3 plugins.
Preloading 0 native plugins for Editor in 0.00 ms.
Mono: successfully reloaded assembly
- Completed reload, in  1.560 seconds
Platform modules already initialized, skipping
Refreshing native plugins compatible for Editor in 0.52 ms, found 3 plugins.
Preloading 0 native plugins for Editor in 0.00 ms.
Unloading 2378 Unused Serialized files (Serialized files now loaded: 0)
System memory in use before: 203.8 MB.
System memory in use after: 203.9 MB.

Unloading 21 unused Assets to reduce memory usage. Loaded Objects now: 2899.
Total: 3.185115 ms (FindLiveObjects: 0.323406 ms CreateObjectMapping: 0.179893 ms MarkObjects: 2.570866 ms  DeleteObjects: 0.109894 ms)

========================================================================
Received Prepare
Registering precompiled user dll's ...
Registered in 0.004510 seconds.
Begin MonoManager ReloadAssembly
Native extension for OSXStandalone target not found
Native extension for WebGL target not found
Refreshing native plugins compatible for Editor in 0.96 ms, found 3 plugins.
Preloading 0 native plugins for Editor in 0.00 ms.
Mono: successfully reloaded assembly
- Completed reload, in  1.642 seconds
Platform modules already initialized, skipping
Refreshing native plugins compatible for Editor in 0.53 ms, found 3 plugins.
Preloading 0 native plugins for Editor in 0.00 ms.
Unloading 2378 Unused Serialized files (Serialized files now loaded: 0)
System memory in use before: 204.0 MB.
System memory in use after: 204.1 MB.

Unloading 21 unused Assets to reduce memory usage. Loaded Objects now: 2903.
Total: 4.806344 ms (FindLiveObjects: 0.350298 ms CreateObjectMapping: 0.111743 ms MarkObjects: 4.025142 ms  DeleteObjects: 0.317374 ms)

========================================================================
Received Prepare
Registering precompiled user dll's ...
Registered in 0.004260 seconds.
Begin MonoManager ReloadAssembly
Native extension for OSXStandalone target not found
Native extension for WebGL target not found
Refreshing native plugins compatible for Editor in 0.64 ms, found 3 plugins.
Preloading 0 native plugins for Editor in 0.00 ms.
Mono: successfully reloaded assembly
- Completed reload, in  1.583 seconds
Platform modules already initialized, skipping
Refreshing native plugins compatible for Editor in 0.48 ms, found 3 plugins.
Preloading 0 native plugins for Editor in 0.00 ms.
Unloading 2378 Unused Serialized files (Serialized files now loaded: 0)
System memory in use before: 204.3 MB.
System memory in use after: 204.4 MB.

Unloading 21 unused Assets to reduce memory usage. Loaded Objects now: 2907.
Total: 3.145777 ms (FindLiveObjects: 0.283653 ms CreateObjectMapping: 0.160480 ms MarkObjects: 2.595644 ms  DeleteObjects: 0.105010 ms)

========================================================================
Received Prepare
Registering precompiled user dll's ...
Registered in 0.002420 seconds.
Begin MonoManager ReloadAssembly
Native extension for OSXStandalone target not found
Native extension for WebGL target not found
Refreshing native plugins compatible for Editor in 0.58 ms, found 3 plugins.
Preloading 0 native plugins for Editor in 0.00 ms.
Mono: successfully reloaded assembly
- Completed reload, in  1.681 seconds
Platform modules already initialized, skipping
Refreshing native plugins compatible for Editor in 0.57 ms, found 3 plugins.
Preloading 0 native plugins for Editor in 0.00 ms.
Unloading 2378 Unused Serialized files (Serialized files now loaded: 0)
System memory in use before: 204.5 MB.
System memory in use after: 204.6 MB.

Unloading 21 unused Assets to reduce memory usage. Loaded Objects now: 2911.
Total: 3.488346 ms (FindLiveObjects: 0.348132 ms CreateObjectMapping: 0.223426 ms MarkObjects: 2.779995 ms  DeleteObjects: 0.135518 ms)

========================================================================
Received Import Request.
  Time since last request: 442.074873 seconds.
  path: Assets/Quests/Generator Variant.prefab
  artifactKey: Guid(a1b161bc7f8374fa3a6057e7f0804c1b) Importer(815301076,1909f56bfc062723c751e8b465ee728b)
Start importing Assets/Quests/Generator Variant.prefab using Guid(a1b161bc7f8374fa3a6057e7f0804c1b) Importer(815301076,1909f56bfc062723c751e8b465ee728b)  -> (artifact id: '97dbb3c86ba6334ea69bc75c313f47cc') in 0.115597 seconds
  Import took 0.121815 seconds .

========================================================================
Received Prepare
Registering precompiled user dll's ...
Registered in 0.004165 seconds.
Begin MonoManager ReloadAssembly
Native extension for OSXStandalone target not found
Native extension for WebGL target not found
Refreshing native plugins compatible for Editor in 0.57 ms, found 3 plugins.
Preloading 0 native plugins for Editor in 0.00 ms.
Mono: successfully reloaded assembly
- Completed reload, in  1.600 seconds
Platform modules already initialized, skipping
Refreshing native plugins compatible for Editor in 0.46 ms, found 3 plugins.
Preloading 0 native plugins for Editor in 0.00 ms.
Unloading 2378 Unused Serialized files (Serialized files now loaded: 0)
System memory in use before: 204.8 MB.
System memory in use after: 204.9 MB.

Unloading 23 unused Assets to reduce memory usage. Loaded Objects now: 2915.
Total: 3.191775 ms (FindLiveObjects: 0.336288 ms CreateObjectMapping: 0.103953 ms MarkObjects: 2.636959 ms  DeleteObjects: 0.113285 ms)

========================================================================
Received Import Request.
  Time since last request: 113.005943 seconds.
  path: Assets/Quests/Generator Variant.prefab
  artifactKey: Guid(a1b161bc7f8374fa3a6057e7f0804c1b) Importer(815301076,1909f56bfc062723c751e8b465ee728b)
Start importing Assets/Quests/Generator Variant.prefab using Guid(a1b161bc7f8374fa3a6057e7f0804c1b) Importer(815301076,1909f56bfc062723c751e8b465ee728b)  -> (artifact id: '25b2acbded829db1bb42b12f2042e62b') in 0.125416 seconds
  Import took 0.131556 seconds .

========================================================================
Received Import Request.
  Time since last request: 32.804968 seconds.
  path: Assets/Quests/Generator Variant.prefab
  artifactKey: Guid(a1b161bc7f8374fa3a6057e7f0804c1b) Importer(815301076,1909f56bfc062723c751e8b465ee728b)
Start importing Assets/Quests/Generator Variant.prefab using Guid(a1b161bc7f8374fa3a6057e7f0804c1b) Importer(815301076,1909f56bfc062723c751e8b465ee728b)  -> (artifact id: 'd75e72046f6896e2721592a29d739d2d') in 0.030519 seconds
  Import took 0.036357 seconds .

========================================================================
Received Prepare
Registering precompiled user dll's ...
Registered in 0.003560 seconds.
Begin MonoManager ReloadAssembly
Native extension for OSXStandalone target not found
Native extension for WebGL target not found
Refreshing native plugins compatible for Editor in 0.60 ms, found 3 plugins.
Preloading 0 native plugins for Editor in 0.00 ms.
Mono: successfully reloaded assembly
- Completed reload, in  1.582 seconds
Platform modules already initialized, skipping
Refreshing native plugins compatible for Editor in 0.59 ms, found 3 plugins.
Preloading 0 native plugins for Editor in 0.00 ms.
Unloading 2378 Unused Serialized files (Serialized files now loaded: 0)
System memory in use before: 205.0 MB.
System memory in use after: 205.1 MB.

Unloading 23 unused Assets to reduce memory usage. Loaded Objects now: 2919.
Total: 2.901893 ms (FindLiveObjects: 0.343147 ms CreateObjectMapping: 0.095161 ms MarkObjects: 2.334365 ms  DeleteObjects: 0.128327 ms)

========================================================================
Received Prepare
Registering precompiled user dll's ...
Registered in 0.003795 seconds.
Begin MonoManager ReloadAssembly
Native extension for OSXStandalone target not found
Native extension for WebGL target not found
Refreshing native plugins compatible for Editor in 0.97 ms, found 3 plugins.
Preloading 0 native plugins for Editor in 0.00 ms.
Mono: successfully reloaded assembly
- Completed reload, in  1.624 seconds
Platform modules already initialized, skipping
Refreshing native plugins compatible for Editor in 0.56 ms, found 3 plugins.
Preloading 0 native plugins for Editor in 0.00 ms.
Unloading 2378 Unused Serialized files (Serialized files now loaded: 0)
System memory in use before: 205.2 MB.
System memory in use after: 205.3 MB.

Unloading 21 unused Assets to reduce memory usage. Loaded Objects now: 2923.
Total: 3.370982 ms (FindLiveObjects: 0.302796 ms CreateObjectMapping: 0.106457 ms MarkObjects: 2.819794 ms  DeleteObjects: 0.140687 ms)

========================================================================
Received Prepare
Registering precompiled user dll's ...
Registered in 0.002733 seconds.
Begin MonoManager ReloadAssembly
Native extension for OSXStandalone target not found
Native extension for WebGL target not found
Refreshing native plugins compatible for Editor in 0.92 ms, found 3 plugins.
Preloading 0 native plugins for Editor in 0.00 ms.
Mono: successfully reloaded assembly
- Completed reload, in  1.610 seconds
Platform modules already initialized, skipping
Refreshing native plugins compatible for Editor in 0.57 ms, found 3 plugins.
Preloading 0 native plugins for Editor in 0.00 ms.
Unloading 2378 Unused Serialized files (Serialized files now loaded: 0)
System memory in use before: 205.6 MB.
System memory in use after: 205.7 MB.

Unloading 21 unused Assets to reduce memory usage. Loaded Objects now: 2927.
Total: 3.341183 ms (FindLiveObjects: 0.305560 ms CreateObjectMapping: 0.167079 ms MarkObjects: 2.725331 ms  DeleteObjects: 0.142143 ms)

========================================================================
Received Prepare
Registering precompiled user dll's ...
Registered in 0.003024 seconds.
Begin MonoManager ReloadAssembly
Native extension for OSXStandalone target not found
Native extension for WebGL target not found
Refreshing native plugins compatible for Editor in 0.55 ms, found 3 plugins.
Preloading 0 native plugins for Editor in 0.00 ms.
Mono: successfully reloaded assembly
- Completed reload, in  1.486 seconds
Platform modules already initialized, skipping
Refreshing native plugins compatible for Editor in 0.65 ms, found 3 plugins.
Preloading 0 native plugins for Editor in 0.00 ms.
Unloading 2378 Unused Serialized files (Serialized files now loaded: 0)
System memory in use before: 205.8 MB.
System memory in use after: 205.9 MB.

Unloading 21 unused Assets to reduce memory usage. Loaded Objects now: 2931.
Total: 3.359096 ms (FindLiveObjects: 0.298190 ms CreateObjectMapping: 0.154812 ms MarkObjects: 2.779162 ms  DeleteObjects: 0.125968 ms)

========================================================================
Received Prepare
Registering precompiled user dll's ...
Registered in 0.005400 seconds.
Begin MonoManager ReloadAssembly
Native extension for OSXStandalone target not found
Native extension for WebGL target not found
Refreshing native plugins compatible for Editor in 0.99 ms, found 3 plugins.
Preloading 0 native plugins for Editor in 0.00 ms.
Mono: successfully reloaded assembly
- Completed reload, in  3.006 seconds
Platform modules already initialized, skipping
Refreshing native plugins compatible for Editor in 0.77 ms, found 3 plugins.
Preloading 0 native plugins for Editor in 0.00 ms.
Unloading 2378 Unused Serialized files (Serialized files now loaded: 0)
System memory in use before: 206.0 MB.
System memory in use after: 206.1 MB.

Unloading 21 unused Assets to reduce memory usage. Loaded Objects now: 2935.
Total: 5.361449 ms (FindLiveObjects: 0.474823 ms CreateObjectMapping: 0.306171 ms MarkObjects: 4.381998 ms  DeleteObjects: 0.196786 ms)

========================================================================
Received Prepare
Registering precompiled user dll's ...
Registered in 0.002546 seconds.
Begin MonoManager ReloadAssembly
Native extension for OSXStandalone target not found
Native extension for WebGL target not found
Refreshing native plugins compatible for Editor in 0.62 ms, found 3 plugins.
Preloading 0 native plugins for Editor in 0.00 ms.
Mono: successfully reloaded assembly
- Completed reload, in  1.567 seconds
Platform modules already initialized, skipping
Refreshing native plugins compatible for Editor in 0.61 ms, found 3 plugins.
Preloading 0 native plugins for Editor in 0.00 ms.
Unloading 2378 Unused Serialized files (Serialized files now loaded: 0)
System memory in use before: 206.3 MB.
System memory in use after: 206.4 MB.

Unloading 21 unused Assets to reduce memory usage. Loaded Objects now: 2939.
Total: 3.966227 ms (FindLiveObjects: 0.485955 ms CreateObjectMapping: 0.221030 ms MarkObjects: 3.140726 ms  DeleteObjects: 0.117419 ms)

========================================================================
Received Prepare
Registering precompiled user dll's ...
Registered in 0.002109 seconds.
Begin MonoManager ReloadAssembly
Native extension for OSXStandalone target not found
Native extension for WebGL target not found
Refreshing native plugins compatible for Editor in 0.54 ms, found 3 plugins.
Preloading 0 native plugins for Editor in 0.00 ms.
Mono: successfully reloaded assembly
- Completed reload, in  1.438 seconds
Platform modules already initialized, skipping
Refreshing native plugins compatible for Editor in 0.66 ms, found 3 plugins.
Preloading 0 native plugins for Editor in 0.00 ms.
Unloading 2378 Unused Serialized files (Serialized files now loaded: 0)
System memory in use before: 206.4 MB.
System memory in use after: 206.5 MB.

Unloading 21 unused Assets to reduce memory usage. Loaded Objects now: 2943.
Total: 2.758692 ms (FindLiveObjects: 0.272607 ms CreateObjectMapping: 0.096914 ms MarkObjects: 2.257892 ms  DeleteObjects: 0.129973 ms)

========================================================================
Received Prepare
Refreshing native plugins compatible for Editor in 4.65 ms, found 3 plugins.
Preloading 0 native plugins for Editor in 0.00 ms.
Unloading 19 Unused Serialized files (Serialized files now loaded: 0)
System memory in use before: 160.2 MB.
System memory in use after: 160.3 MB.

Unloading 19 unused Assets to reduce memory usage. Loaded Objects now: 2943.
Total: 3.629902 ms (FindLiveObjects: 0.429300 ms CreateObjectMapping: 0.166128 ms MarkObjects: 2.884766 ms  DeleteObjects: 0.148748 ms)

AssetImportWorkerClient::OnTransportError - code=2 error=End of file
